1377
0  ----  13273 5123 21972 0 0
1  ----  1606 1253 3983 0 0
2  ----  29 10 33 0 0
3  ----  72 29 79 0 0
4  ----  15 19 21 0 0
5  ----  118 76 131 0 0
6  ----  385 841 1055 0 0
7  ----  6 6 6 0 0
8  ----  1698 515 2826 0 0
9  ----  1429 584 2930 0 0
10  ----  1467 1350 2081 0 0
11  ----  636 495 815 0 0
12  ----  399 275 1149 0 0
13  ----  626 582 870 0 0
14  ----  723 486 741 0 0
15  ----  67 40 127 0 0
16  ----  211 99 213 0 0
17  ----  159 67 196 0 0
18  ----  493 195 664 0 0
19  ----  7 9 22 0 0
20  ----  8 8 8 0 0
21  ----  12 11 13 0 0
22  ----  5 5 5 0 0
23  ----  79 69 80 0 0
24  ----  9 10 13 0 0
25  ----  1008 703 2328 0 0
26  ----  12 7 12 0 0
27  ----  34 24 38 0 0
28  ----  9 5 10 0 0
29  ----  3 5 5 0 0
30  ----  5 25 44 0 0
31  ----  19005 4971 27064 0 0
32  ----  1324 1027 3280 0 0
33  ----  2535 1835 6377 0 0
34  ----  7215 1836 8940 0 0
35  ----  2105 732 2193 0 0
36  ----  13 13 13 0 0
37  ----  557 390 1384 0 0
38  ----  3 3 3 0 0
39  ----  4829 1052 6475 0 0
40  ----  178 71 207 0 0
41  ----  9 5 15 0 0
42  ----  27 11 27 0 0
43  ----  3 2 3 0 0
44  ----  1034 1510 3072 0 0
45  ----  2879 2791 4926 0 0
46  ----  3918 1444 5723 0 0
47  ----  373 236 397 0 0
48  ----  1653 699 2392 0 0
49  ----  61 47 62 0 0
50  ----  723 545 1904 0 0
51  ----  305 96 320 0 0
52  ----  1034 1510 3072 0 0
53  ----  568 208 672 0 0
54  ----  324 108 340 0 0
55  ----  820 704 2810 0 0
56  ----  3 2 3 0 0
57  ----  501 681 823 0 0
58  ----  188 182 630 0 0
59  ----  5 2 5 0 0
60  ----  136 17 157 0 0
61  ----  5542 1910 8296 0 0
62  ----  1095 1342 3688 0 0
63  ----  3963 1798 6452 0 0
64  ----  3389 1515 4405 0 0
65  ----  9462 3163 14162 0 0
66  ----  762 450 861 0 0
67  ----  8187 1947 10058 0 0
68  ----  6765 2119 9051 0 0
69  ----  122 189 317 0 0
70  ----  596 1496 2444 0 0
71  ----  8268 2685 10965 0 0
72  ----  1765 355 2024 0 0
73  ----  6633 2301 8907 0 0
74  ----  429 290 498 0 0
75  ----  1757 581 2316 0 0
76  ----  466 122 480 0 0
77  ----  4209 1125 4923 0 0
78  ----  288 202 682 0 0
79  ----  319 413 1325 0 0
80  ----  10 6 11 0 0
81  ----  19 10 20 0 0
82  ----  874 432 2371 0 0
83  ----  38 22 50 0 0
84  ----  9 4 9 0 0
85  ----  1088 329 1133 0 0
86  ----  8 6 8 0 0
87  ----  11 10 11 0 0
88  ----  4 3 4 0 0
89  ----  57 32 57 0 0
90  ----  203 253 814 0 0
91  ----  253 470 1043 0 0
92  ----  301 207 586 0 0
93  ----  284 141 323 0 0
94  ----  0 0 0 0 0
95  ----  2734 1108 4058 0 0
96  ----  4088 2220 5534 0 0
97  ----  563 196 1170 0 0
98  ----  393 197 396 0 0
99  ----  5 3 5 0 0
100  ----  2000 1251 3333 0 0
101  ----  1 1 1 0 0
102  ----  10 4 10 0 0
103  ----  864 408 1670 0 0
104  ----  0 0 0 0 0
105  ----  20 8 22 0 0
106  ----  1139 485 1794 0 0
107  ----  5 5 5 0 0
108  ----  1204 395 1534 0 0
109  ----  1 3 3 0 0
110  ----  124 181 566 0 0
111  ----  554 143 575 0 0
112  ----  4580 3482 6768 0 0
113  ----  386 101 423 0 0
114  ----  224 302 941 0 0
115  ----  3781 1051 5231 0 0
116  ----  2168 1190 3374 0 0
117  ----  11862 4763 20830 0 0
118  ----  16855 6298 26509 0 0
119  ----  5381 2081 8077 0 0
120  ----  4107 2149 6677 0 0
121  ----  2299 1792 4222 0 0
122  ----  7367 3014 11539 0 0
123  ----  8048 4228 13338 0 0
124  ----  6387 3904 12120 0 0
125  ----  6674 1628 9131 0 0
126  ----  6416 2188 9325 0 0
127  ----  745 718 2114 0 0
128  ----  6185 1231 8373 0 0
129  ----  1121 1157 3095 0 0
130  ----  2657 3283 5465 0 0
131  ----  3753 1409 6140 0 0
132  ----  4722 2324 7624 0 0
133  ----  3105 1268 5168 0 0
134  ----  5594 1423 7888 0 0
135  ----  3696 1907 5098 0 0
136  ----  5535 2459 7496 0 0
137  ----  6802 2373 9725 0 0
138  ----  1889 878 3930 0 0
139  ----  2566 2529 5378 0 0
140  ----  2801 1433 4299 0 0
141  ----  5058 1847 7511 0 0
142  ----  1704 1046 3907 0 0
143  ----  3302 1568 4959 0 0
144  ----  3934 1075 5557 0 0
145  ----  3140 1636 4730 0 0
146  ----  3659 2060 5277 0 0
147  ----  3592 794 4950 0 0
148  ----  2702 1505 4561 0 0
149  ----  128 91 144 0 0
150  ----  10 6 11 0 0
151  ----  10 9 10 0 0
152  ----  12 17 44 0 0
153  ----  293 229 712 0 0
154  ----  0 0 0 0 0
155  ----  5131 1838 8279 0 0
156  ----  570 764 1637 0 0
157  ----  6179 2922 9502 0 0
158  ----  12885 6178 20141 0 0
159  ----  7927 3759 13016 0 0
160  ----  6406 2285 8963 0 0
161  ----  7691 3337 11612 0 0
162  ----  5625 946 6703 0 0
163  ----  5833 2615 7898 0 0
164  ----  1622 993 3378 0 0
165  ----  380 132 420 0 0
166  ----  4441 1845 8118 0 0
167  ----  5268 3124 8960 0 0
168  ----  5517 1291 7755 0 0
169  ----  8229 3940 12372 0 0
170  ----  12151 5674 18874 0 0
171  ----  8538 2378 11202 0 0
172  ----  8645 3544 12263 0 0
173  ----  5413 2273 9358 0 0
174  ----  8703 2961 11999 0 0
175  ----  10142 4735 14310 0 0
176  ----  4260 1547 6753 0 0
177  ----  5347 3350 9710 0 0
178  ----  7948 3070 11449 0 0
179  ----  7498 2515 10690 0 0
180  ----  1189 354 1562 0 0
181  ----  3756 1712 6359 0 0
182  ----  5173 3288 8728 0 0
183  ----  4695 3166 6883 0 0
184  ----  1955 1793 4982 0 0
185  ----  3674 1403 5328 0 0
186  ----  2736 455 3261 0 0
187  ----  1538 807 2911 0 0
188  ----  7629 2619 10634 0 0
189  ----  1478 949 1853 0 0
190  ----  79 31 93 0 0
191  ----  45 24 45 0 0
192  ----  216 116 399 0 0
193  ----  485 187 505 0 0
194  ----  104 63 111 0 0
195  ----  905 205 958 0 0
196  ----  5 4 9 0 0
197  ----  28 7 29 0 0
198  ----  76 8 82 0 0
199  ----  140 60 147 0 0
200  ----  316 136 327 0 0
201  ----  5939 1635 7500 0 0
202  ----  5 3 7 0 0
203  ----  4237 897 4957 0 0
204  ----  195 65 206 0 0
205  ----  9 7 11 0 0
206  ----  82 7 82 0 0
207  ----  202 99 220 0 0
208  ----  52 17 70 0 0
209  ----  38 14 53 0 0
0
166
0  ----  458 524 1001 0 0
1  ----  40 44 51 0 0
2  ----  15 50 104 0 0
3  ----  763 997 1303 0 0
4  ----  0 0 0 0 0
5  ----  6 10 10 0 0
6  ----  8 1 8 0 0
7  ----  10 2 10 0 0
8  ----  0 0 0 0 0
9  ----  3 3 4 0 0
10  ----  1 1 1 0 0
11  ----  304 285 485 0 0
12  ----  578 359 849 0 0
13  ----  921 494 1411 0 0
14  ----  298 177 485 0 0
15  ----  813 240 945 0 0
16  ----  1 1 1 0 0
17  ----  40 146 210 0 0
18  ----  0 0 0 0 0
19  ----  8 10 12 0 0
20  ----  15 29 56 0 0
21  ----  1 2 2 0 0
22  ----  554 945 1235 0 0
23  ----  0 0 0 0 0
24  ----  529 462 787 0 0
25  ----  1845 597 2172 0 0
26  ----  298 176 610 0 0
27  ----  15 57 97 0 0
28  ----  709 433 1197 0 0
29  ----  834 445 1189 0 0
30  ----  83 102 300 0 0
31  ----  595 565 1214 0 0
32  ----  688 403 944 0 0
33  ----  530 350 820 0 0
34  ----  879 538 1594 0 0
35  ----  8 18 35 0 0
36  ----  48 43 98 0 0
37  ----  586 472 902 0 0
38  ----  71 172 387 0 0
39  ----  181 160 303 0 0
40  ----  0 0 0 0 0
41  ----  9 9 9 0 0
42  ----  95 138 257 0 0
43  ----  271 143 346 0 0
44  ----  14 14 15 0 0
45  ----  3 2 3 0 0
46  ----  18 15 18 0 0
47  ----  6 7 7 0 0
48  ----  167 149 433 0 0
49  ----  3 18 30 0 0
50  ----  37 57 105 0 0
51  ----  325 295 463 0 0
52  ----  2 2 2 0 0
53  ----  263 122 339 0 0
54  ----  535 250 750 0 0
55  ----  1461 737 1889 0 0
56  ----  603 314 772 0 0
57  ----  753 395 927 0 0
58  ----  11 12 23 0 0
59  ----  19 117 229 0 0
60  ----  6 4 6 0 0
61  ----  781 802 1526 0 0
62  ----  1253 874 2346 0 0
63  ----  1129 925 1716 0 0
64  ----  575 591 1224 0 0
65  ----  900 506 1240 0 0
66  ----  6191 5556 7368 0 0
67  ----  1427 1464 3130 0 0
68  ----  464 286 668 0 0
69  ----  1244 1262 2749 0 0
70  ----  798 406 1162 0 0
71  ----  244 149 451 0 0
72  ----  3207 2356 5715 0 0
73  ----  1298 1005 1820 0 0
74  ----  807 506 1305 0 0
75  ----  1034 1359 2832 0 0
76  ----  1084 1139 1889 0 0
77  ----  466 829 1484 0 0
78  ----  1740 209 2088 0 0
79  ----  375 512 875 0 0
80  ----  633 517 1319 0 0
81  ----  1186 832 1734 0 0
82  ----  427 679 1277 0 0
83  ----  373 306 690 0 0
84  ----  336 517 759 0 0
85  ----  3624 3956 5558 0 0
86  ----  525 565 1440 0 0
87  ----  869 986 1915 0 0
88  ----  171 341 597 0 0
89  ----  1274 762 1982 0 0
90  ----  174 91 228 0 0
91  ----  545 278 723 0 0
92  ----  435 570 1251 0 0
93  ----  100 352 795 0 0
94  ----  680 837 1704 0 0
95  ----  298 194 351 0 0
96  ----  373 442 730 0 0
97  ----  391 312 620 0 0
98  ----  121 170 288 0 0
99  ----  595 356 1051 0 0
100  ----  3 2 3 0 0
101  ----  170 329 428 0 0
102  ----  643 507 1150 0 0
103  ----  383 489 704 0 0
104  ----  336 256 578 0 0
105  ----  1 1 1 0 0
106  ----  19 66 167 0 0
107  ----  5 3 5 0 0
108  ----  0 0 0 0 0
109  ----  383 345 773 0 0
110  ----  389 393 590 0 0
111  ----  375 368 675 0 0
112  ----  1 1 1 0 0
113  ----  241 196 380 0 0
114  ----  370 281 531 0 0
115  ----  761 777 1135 0 0
116  ----  520 386 717 0 0
117  ----  228 176 349 0 0
118  ----  253 225 482 0 0
119  ----  674 462 1079 0 0
120  ----  10 10 10 0 0
121  ----  442 239 639 0 0
122  ----  571 318 866 0 0
123  ----  119 78 120 0 0
124  ----  33 18 33 0 0
125  ----  10 11 12 0 0
126  ----  2 2 2 0 0
127  ----  230 200 340 0 0
128  ----  7 8 8 0 0
129  ----  0 0 0 0 0
130  ----  4 2 4 0 0
131  ----  0 0 0 0 0
132  ----  0 0 0 0 0
133  ----  81 170 257 0 0
134  ----  33 71 112 0 0
135  ----  2 2 2 0 0
136  ----  41 20 69 0 0
137  ----  520 603 813 0 0
138  ----  361 475 522 0 0
139  ----  93 243 342 0 0
140  ----  482 180 514 0 0
141  ----  152 122 227 0 0
142  ----  0 0 0 0 0
143  ----  488 491 914 0 0
144  ----  498 427 761 0 0
145  ----  647 134 791 0 0
146  ----  11 6 11 0 0
147  ----  35 25 44 0 0
148  ----  1084 666 1456 0 0
149  ----  419 502 1048 0 0
150  ----  50 60 102 0 0
151  ----  452 498 932 0 0
152  ----  251 131 274 0 0
153  ----  2924 1511 2977 0 0
154  ----  1115 1045 1748 0 0
155  ----  995 1329 2748 0 0
156  ----  752 718 1271 0 0
157  ----  990 793 1516 0 0
158  ----  717 725 1231 0 0
159  ----  3 2 3 0 0
160  ----  13 7 13 0 0
161  ----  105 130 228 0 0
162  ----  0 0 0 0 0
163  ----  0 0 0 0 0
164  ----  1 1 1 0 0
165  ----  19 14 19 0 0
490
0  ----  0 0 0 0 0
1  ----  13 12 13 0 0
2  ----  310 301 489 0 0
3  ----  771 979 1214 0 0
4  ----  29 95 177 0 0
5  ----  261 258 396 0 0
6  ----  1 1 1 0 0
7  ----  1023 815 1604 0 0
8  ----  7 5 7 0 0
9  ----  17 10 18 0 0
10  ----  14 13 14 0 0
11  ----  490 473 861 0 0
12  ----  815 1121 1419 0 0
13  ----  27 53 92 0 0
14  ----  1019 785 1536 0 0
15  ----  1232 679 1572 0 0
16  ----  1397 673 1814 0 0
17  ----  510 557 737 0 0
18  ----  1327 894 1636 0 0
19  ----  7 6 8 0 0
20  ----  7 7 7 0 0
21  ----  1126 702 1420 0 0
22  ----  12 14 16 0 0
23  ----  22 22 24 0 0
24  ----  24 21 25 0 0
25  ----  52 33 63 0 0
26  ----  860 784 1345 0 0
27  ----  7 7 8 0 0
28  ----  4 9 17 0 0
29  ----  33 29 33 0 0
30  ----  1093 1034 1765 0 0
31  ----  3 3 3 0 0
32  ----  2 2 2 0 0
33  ----  93 61 101 0 0
34  ----  1 1 1 0 0
35  ----  13 13 13 0 0
36  ----  4 4 4 0 0
37  ----  480 596 1085 0 0
38  ----  1078 840 1311 0 0
39  ----  6 7 7 0 0
40  ----  582 437 770 0 0
41  ----  389 363 481 0 0
42  ----  645 656 868 0 0
43  ----  0 0 0 0 0
44  ----  2 2 2 0 0
45  ----  0 0 0 0 0
46  ----  1302 1732 2513 0 0
47  ----  2733 3452 4951 0 0
48  ----  1058 1232 1970 0 0
49  ----  2818 1298 3989 0 0
50  ----  2591 1964 3783 0 0
51  ----  1686 1315 2550 0 0
52  ----  1964 1712 3093 0 0
53  ----  2225 2510 3974 0 0
54  ----  1248 629 1628 0 0
55  ----  776 666 1099 0 0
56  ----  1079 1106 2082 0 0
57  ----  727 749 1234 0 0
58  ----  1052 775 1413 0 0
59  ----  2097 1961 2681 0 0
60  ----  1003 806 1626 0 0
61  ----  797 794 1349 0 0
62  ----  1320 1014 2029 0 0
63  ----  1425 737 1783 0 0
64  ----  1291 1348 1924 0 0
65  ----  673 1025 1408 0 0
66  ----  1061 1239 1715 0 0
67  ----  618 356 856 0 0
68  ----  1792 1440 2587 0 0
69  ----  691 785 988 0 0
70  ----  1210 1327 2022 0 0
71  ----  1421 740 1710 0 0
72  ----  17 23 73 0 0
73  ----  1454 980 2115 0 0
74  ----  1 2 11 0 0
75  ----  861 641 1214 0 0
76  ----  775 795 1185 0 0
77  ----  165 145 197 0 0
78  ----  191 121 268 0 0
79  ----  1730 1947 2701 0 0
80  ----  1713 1120 2358 0 0
81  ----  1163 922 1547 0 0
82  ----  184 252 439 0 0
83  ----  1406 1330 2020 0 0
84  ----  1150 1339 2034 0 0
85  ----  1412 1837 2462 0 0
86  ----  163 267 517 0 0
87  ----  506 673 1058 0 0
88  ----  646 581 1016 0 0
89  ----  517 953 1624 0 0
90  ----  22 16 22 0 0
91  ----  573 489 794 0 0
92  ----  543 1034 1384 0 0
93  ----  1578 1214 2363 0 0
94  ----  874 777 1444 0 0
95  ----  2212 1830 3183 0 0
96  ----  0 0 0 0 0
97  ----  885 855 1779 0 0
98  ----  1 1 1 0 0
99  ----  849 871 1388 0 0
100  ----  956 1051 1740 0 0
101  ----  1362 1325 2291 0 0
102  ----  6 4 6 0 0
103  ----  483 550 827 0 0
104  ----  55 46 62 0 0
105  ----  44 31 53 0 0
106  ----  11 12 12 0 0
107  ----  7 18 20 0 0
108  ----  4 4 4 0 0
109  ----  21 54 100 0 0
110  ----  10 4 11 0 0
111  ----  1 1 1 0 0
112  ----  598 943 1127 0 0
113  ----  725 695 1037 0 0
114  ----  651 793 1093 0 0
115  ----  891 1065 1194 0 0
116  ----  629 559 918 0 0
117  ----  3 3 3 0 0
118  ----  691 539 1013 0 0
119  ----  433 543 817 0 0
120  ----  11 11 12 0 0
121  ----  480 463 751 0 0
122  ----  707 604 1186 0 0
123  ----  4 4 4 0 0
124  ----  922 947 1346 0 0
125  ----  7 8 9 0 0
126  ----  150 342 628 0 0
127  ----  12 12 12 0 0
128  ----  1 1 1 0 0
129  ----  7 3 7 0 0
130  ----  46 3 46 0 0
131  ----  687 798 1057 0 0
132  ----  1486 1546 1819 0 0
133  ----  47 35 52 0 0
134  ----  559 306 712 0 0
135  ----  396 345 503 0 0
136  ----  375 489 591 0 0
137  ----  556 385 615 0 0
138  ----  329 371 500 0 0
139  ----  675 545 742 0 0
140  ----  214 161 236 0 0
141  ----  86 213 345 0 0
142  ----  473 498 693 0 0
143  ----  17 23 28 0 0
144  ----  370 417 594 0 0
145  ----  426 358 473 0 0
146  ----  2 2 2 0 0
147  ----  424 388 605 0 0
148  ----  6 7 7 0 0
149  ----  2 2 2 0 0
150  ----  721 627 972 0 0
151  ----  793 601 1057 0 0
152  ----  0 0 0 0 0
153  ----  2 1 2 0 0
154  ----  752 523 843 0 0
155  ----  55 32 55 0 0
156  ----  1581 1170 2143 0 0
157  ----  494 863 1306 0 0
158  ----  22 18 22 0 0
159  ----  19 15 20 0 0
160  ----  146 8 150 0 0
161  ----  2982 2808 5864 0 0
162  ----  2129 1995 3116 0 0
163  ----  370 313 413 0 0
164  ----  644 594 1021 0 0
165  ----  553 658 942 0 0
166  ----  26 4 26 0 0
167  ----  0 0 0 0 0
168  ----  390 458 855 0 0
169  ----  1 1 1 0 0
170  ----  283 330 460 0 0
171  ----  636 1082 1182 0 0
172  ----  32 30 33 0 0
173  ----  7 12 14 0 0
174  ----  20 20 20 0 0
175  ----  0 0 0 0 0
176  ----  4 4 4 0 0
177  ----  2 7 27 0 0
178  ----  3 3 3 0 0
179  ----  492 673 813 0 0
180  ----  1086 699 1524 0 0
181  ----  182 189 212 0 0
182  ----  747 992 1119 0 0
183  ----  4 4 4 0 0
184  ----  20 27 33 0 0
185  ----  1 2 2 0 0
186  ----  1 1 1 0 0
187  ----  131 221 389 0 0
188  ----  7 5 7 0 0
189  ----  209 230 422 0 0
190  ----  66 84 116 0 0
191  ----  12 15 15 0 0
192  ----  166 138 221 0 0
193  ----  0 0 0 0 0
194  ----  5 2 5 0 0
195  ----  32 4 32 0 0
196  ----  594 577 739 0 0
197  ----  458 412 578 0 0
198  ----  124 23 135 0 0
199  ----  1735 1165 2404 0 0
200  ----  393 583 914 0 0
201  ----  685 569 956 0 0
202  ----  590 251 751 0 0
203  ----  8 2 8 0 0
204  ----  311 231 328 0 0
205  ----  103 137 291 0 0
206  ----  105 74 107 0 0
207  ----  361 341 452 0 0
208  ----  0 0 0 0 0
209  ----  0 0 0 0 0
210  ----  535 480 782 0 0
211  ----  831 729 1259 0 0
212  ----  544 309 646 0 0
213  ----  260 252 408 0 0
214  ----  727 453 970 0 0
215  ----  256 214 340 0 0
216  ----  7 8 9 0 0
217  ----  4 4 4 0 0
218  ----  2 2 2 0 0
219  ----  713 600 1063 0 0
220  ----  314 284 544 0 0
221  ----  486 271 744 0 0
222  ----  9 9 9 0 0
223  ----  11 6 11 0 0
224  ----  681 546 901 0 0
225  ----  593 534 863 0 0
226  ----  1723 469 1899 0 0
227  ----  26 24 28 0 0
228  ----  357 452 700 0 0
229  ----  188 200 322 0 0
230  ----  21 13 22 0 0
231  ----  1178 1310 1713 0 0
232  ----  1195 891 1487 0 0
233  ----  1060 888 1520 0 0
234  ----  1993 1374 2772 0 0
235  ----  1252 1065 2028 0 0
236  ----  2 2 2 0 0
237  ----  2 1 2 0 0
238  ----  376 415 605 0 0
239  ----  374 259 453 0 0
240  ----  543 435 601 0 0
241  ----  0 0 0 0 0
242  ----  0 0 0 0 0
243  ----  213 186 267 0 0
244  ----  493 417 687 0 0
245  ----  16 11 16 0 0
246  ----  241 288 420 0 0
247  ----  624 515 892 0 0
248  ----  330 289 377 0 0
249  ----  2593 3585 5480 0 0
250  ----  66 165 223 0 0
251  ----  263 203 298 0 0
252  ----  584 519 686 0 0
253  ----  243 251 385 0 0
254  ----  11 10 16 0 0
255  ----  312 327 555 0 0
256  ----  554 687 911 0 0
257  ----  364 220 575 0 0
258  ----  1405 1273 1992 0 0
259  ----  718 586 903 0 0
260  ----  2 2 2 0 0
261  ----  1 1 1 0 0
262  ----  0 0 0 0 0
263  ----  0 0 0 0 0
264  ----  0 0 0 0 0
265  ----  1824 1348 3685 0 0
266  ----  1702 1617 2994 0 0
267  ----  3548 2208 4478 0 0
268  ----  384 761 1321 0 0
269  ----  2109 1866 4014 0 0
270  ----  3572 2664 5788 0 0
271  ----  1 1 1 0 0
272  ----  1757 1390 2647 0 0
273  ----  4 6 7 0 0
274  ----  3 10 10 0 0
275  ----  1293 909 1695 0 0
276  ----  6 6 6 0 0
277  ----  1 2 2 0 0
278  ----  0 0 0 0 0
279  ----  0 0 0 0 0
280  ----  2 2 2 0 0
281  ----  2830 1699 3782 0 0
282  ----  1288 1128 1894 0 0
283  ----  1234 850 1813 0 0
284  ----  1 1 1 0 0
285  ----  26 6 30 0 0
286  ----  992 656 1552 0 0
287  ----  6 6 7 0 0
288  ----  726 741 1119 0 0
289  ----  11 21 26 0 0
290  ----  1315 1042 2024 0 0
291  ----  4 5 5 0 0
292  ----  2 2 2 0 0
293  ----  820 621 937 0 0
294  ----  1 1 1 0 0
295  ----  526 447 619 0 0
296  ----  2 2 2 0 0
297  ----  0 0 0 0 0
298  ----  0 0 0 0 0
299  ----  2 2 2 0 0
300  ----  806 642 1213 0 0
301  ----  762 630 958 0 0
302  ----  780 330 1105 0 0
303  ----  955 483 1174 0 0
304  ----  1043 510 1382 0 0
305  ----  1 1 1 0 0
306  ----  10 10 11 0 0
307  ----  1080 616 1576 0 0
308  ----  1350 805 1743 0 0
309  ----  2 1 2 0 0
310  ----  811 604 1212 0 0
311  ----  683 620 992 0 0
312  ----  0 0 0 0 0
313  ----  1162 913 1734 0 0
314  ----  1516 1017 1882 0 0
315  ----  567 595 877 0 0
316  ----  114 161 247 0 0
317  ----  1 1 1 0 0
318  ----  583 502 785 0 0
319  ----  955 853 1172 0 0
320  ----  30 9 35 0 0
321  ----  1102 674 1355 0 0
322  ----  1172 782 1630 0 0
323  ----  18 17 18 0 0
324  ----  10 13 14 0 0
325  ----  2 2 2 0 0
326  ----  10 3 10 0 0
327  ----  3828 2106 4771 0 0
328  ----  2044 1631 3047 0 0
329  ----  9 8 9 0 0
330  ----  33 23 34 0 0
331  ----  364 546 999 0 0
332  ----  18 12 18 0 0
333  ----  26 19 32 0 0
334  ----  2 2 2 0 0
335  ----  476 372 691 0 0
336  ----  8 9 29 0 0
337  ----  910 391 1208 0 0
338  ----  4 3 4 0 0
339  ----  3 1 3 0 0
340  ----  3 3 3 0 0
341  ----  3 2 3 0 0
342  ----  1 1 1 0 0
343  ----  10 8 10 0 0
344  ----  3 3 3 0 0
345  ----  1451 1240 2007 0 0
346  ----  1 1 1 0 0
347  ----  1339 976 1863 0 0
348  ----  40 14 47 0 0
349  ----  64 131 254 0 0
350  ----  1666 1091 2129 0 0
351  ----  0 0 0 0 0
352  ----  1 1 1 0 0
353  ----  2 3 4 0 0
354  ----  58 44 66 0 0
355  ----  2369 1282 2918 0 0
356  ----  679 676 998 0 0
357  ----  20 4 20 0 0
358  ----  0 0 0 0 0
359  ----  1857 1263 2278 0 0
360  ----  6 6 6 0 0
361  ----  32 17 35 0 0
362  ----  22 27 27 0 0
363  ----  2554 1316 2944 0 0
364  ----  1 1 1 0 0
365  ----  0 0 0 0 0
366  ----  1047 511 1201 0 0
367  ----  1742 1087 2158 0 0
368  ----  1106 797 1776 0 0
369  ----  69 11 72 0 0
370  ----  90 23 92 0 0
371  ----  1958 1354 2462 0 0
372  ----  29 165 315 0 0
373  ----  1361 1696 1919 0 0
374  ----  1821 769 2269 0 0
375  ----  1947 1312 2743 0 0
376  ----  3131 1984 4277 0 0
377  ----  1100 1479 1650 0 0
378  ----  1415 932 1857 0 0
379  ----  2269 1591 2904 0 0
380  ----  1960 956 2614 0 0
381  ----  76 13 76 0 0
382  ----  919 609 1602 0 0
383  ----  2031 1024 2781 0 0
384  ----  1169 669 1589 0 0
385  ----  2 2 2 0 0
386  ----  550 445 818 0 0
387  ----  1041 494 1305 0 0
388  ----  1296 867 1671 0 0
389  ----  1293 683 1670 0 0
390  ----  796 599 1101 0 0
391  ----  3 1 3 0 0
392  ----  652 630 983 0 0
393  ----  1315 985 1878 0 0
394  ----  60 91 176 0 0
395  ----  13 6 20 0 0
396  ----  996 619 1502 0 0
397  ----  2202 1220 2796 0 0
398  ----  1993 1324 2670 0 0
399  ----  0 0 0 0 0
400  ----  734 754 1167 0 0
401  ----  4 4 4 0 0
402  ----  3 2 4 0 0
403  ----  1109 724 1532 0 0
404  ----  708 653 1030 0 0
405  ----  439 416 708 0 0
406  ----  732 237 894 0 0
407  ----  1 1 1 0 0
408  ----  508 454 873 0 0
409  ----  4 1 4 0 0
410  ----  1386 826 1836 0 0
411  ----  1640 945 2275 0 0
412  ----  1139 915 1461 0 0
413  ----  61 102 155 0 0
414  ----  896 755 1232 0 0
415  ----  1598 1410 2349 0 0
416  ----  839 754 1178 0 0
417  ----  1298 757 1737 0 0
418  ----  1136 741 1594 0 0
419  ----  53 99 156 0 0
420  ----  1006 872 1459 0 0
421  ----  8 8 8 0 0
422  ----  0 0 0 0 0
423  ----  3 1 3 0 0
424  ----  905 650 1508 0 0
425  ----  7 3 7 0 0
426  ----  1726 1367 2122 0 0
427  ----  1211 878 1827 0 0
428  ----  19 4 20 0 0
429  ----  11 6 11 0 0
430  ----  21 17 22 0 0
431  ----  45 15 45 0 0
432  ----  2 2 2 0 0
433  ----  4 1 4 0 0
434  ----  7 7 7 0 0
435  ----  18 13 19 0 0
436  ----  4 4 4 0 0
437  ----  20 15 20 0 0
438  ----  9 4 11 0 0
439  ----  1 1 1 0 0
440  ----  21 34 55 0 0
441  ----  62 23 66 0 0
442  ----  0 0 0 0 0
443  ----  1 1 1 0 0
444  ----  437 271 589 0 0
445  ----  2128 1101 2566 0 0
446  ----  13 5 13 0 0
447  ----  3 3 3 0 0
448  ----  830 846 1415 0 0
449  ----  223 192 387 0 0
450  ----  372 291 419 0 0
451  ----  189 189 450 0 0
452  ----  718 556 1021 0 0
453  ----  45 35 45 0 0
454  ----  520 384 655 0 0
455  ----  734 1036 1692 0 0
456  ----  0 0 0 0 0
457  ----  203 188 235 0 0
458  ----  0 0 0 0 0
459  ----  863 585 1192 0 0
460  ----  63 8 63 0 0
461  ----  0 0 0 0 0
462  ----  106 89 219 0 0
463  ----  194 50 198 0 0
464  ----  0 0 0 0 0
465  ----  1 1 1 0 0
466  ----  24 15 29 0 0
467  ----  1245 703 1889 0 0
468  ----  2 2 2 0 0
469  ----  1 1 1 0 0
470  ----  2140 1274 2532 0 0
471  ----  2732 1639 3275 0 0
472  ----  1899 1663 3063 0 0
473  ----  1420 919 1856 0 0
474  ----  1622 905 2173 0 0
475  ----  903 782 1551 0 0
476  ----  150 113 310 0 0
477  ----  44 70 122 0 0
478  ----  85 47 125 0 0
479  ----  1276 899 1688 0 0
480  ----  1486 1181 2488 0 0
481  ----  851 525 1280 0 0
482  ----  0 0 0 0 0
483  ----  583 487 889 0 0
484  ----  3 4 4 0 0
485  ----  92 59 153 0 0
486  ----  68 23 68 0 0
487  ----  4 4 4 0 0
488  ----  444 316 589 0 0
489  ----  13 21 30 0 0
380
0  ----  187 304 974 0 0
1  ----  1626 897 2753 0 0
2  ----  3025 2140 4196 0 0
3  ----  3502 2136 5095 0 0
4  ----  2767 1503 4116 0 0
5  ----  3030 1737 4160 0 0
6  ----  3832 2231 5893 0 0
7  ----  5093 3012 6937 0 0
8  ----  120 194 454 0 0
9  ----  607 931 2845 0 0
10  ----  96 163 298 0 0
11  ----  49 32 80 0 0
12  ----  2713 1120 3401 0 0
13  ----  1206 812 1868 0 0
14  ----  5893 3544 8103 0 0
15  ----  3462 2106 5172 0 0
16  ----  3329 1276 4683 0 0
17  ----  2165 1474 3029 0 0
18  ----  5659 5078 8251 0 0
19  ----  2815 1733 3891 0 0
20  ----  3467 1222 3842 0 0
21  ----  4631 2579 5712 0 0
22  ----  2273 1261 2757 0 0
23  ----  3373 1667 4782 0 0
24  ----  3432 1772 4029 0 0
25  ----  2415 1450 3122 0 0
26  ----  2679 1448 3798 0 0
27  ----  229 462 1101 0 0
28  ----  3403 2442 5092 0 0
29  ----  100 178 320 0 0
30  ----  2475 1382 3512 0 0
31  ----  3165 1310 3876 0 0
32  ----  727 447 1120 0 0
33  ----  2749 2061 3408 0 0
34  ----  170 103 193 0 0
35  ----  32 26 33 0 0
36  ----  4245 2698 6742 0 0
37  ----  4853 2916 7371 0 0
38  ----  1104 1465 3852 0 0
39  ----  2204 1746 3745 0 0
40  ----  343 422 770 0 0
41  ----  4453 2550 6357 0 0
42  ----  1564 1184 2710 0 0
43  ----  4879 2815 7043 0 0
44  ----  3382 2183 4994 0 0
45  ----  2448 1810 3911 0 0
46  ----  459 572 1144 0 0
47  ----  3794 3316 6785 0 0
48  ----  2898 1840 4349 0 0
49  ----  2917 2282 4563 0 0
50  ----  1988 1403 2989 0 0
51  ----  2698 1785 4429 0 0
52  ----  1805 1534 3413 0 0
53  ----  329 386 838 0 0
54  ----  2374 1684 4336 0 0
55  ----  2834 1837 4812 0 0
56  ----  3020 2199 4536 0 0
57  ----  9 9 10 0 0
58  ----  426 376 850 0 0
59  ----  72 124 195 0 0
60  ----  1004 1048 2546 0 0
61  ----  3 3 3 0 0
62  ----  108 265 493 0 0
63  ----  31 45 65 0 0
64  ----  2 2 2 0 0
65  ----  291 239 560 0 0
66  ----  1671 1195 2630 0 0
67  ----  4393 2023 5902 0 0
68  ----  3477 1957 5307 0 0
69  ----  23 18 23 0 0
70  ----  1795 971 2139 0 0
71  ----  280 440 942 0 0
72  ----  371 524 1276 0 0
73  ----  2570 1090 3680 0 0
74  ----  451 866 1056 0 0
75  ----  900 665 1422 0 0
76  ----  655 501 1078 0 0
77  ----  253 203 390 0 0
78  ----  120 231 527 0 0
79  ----  1913 1257 3054 0 0
80  ----  2659 1529 4674 0 0
81  ----  1029 680 1757 0 0
82  ----  1115 592 1433 0 0
83  ----  3692 2296 6251 0 0
84  ----  2087 1283 3267 0 0
85  ----  2791 1293 3888 0 0
86  ----  2362 1235 3575 0 0
87  ----  89 127 213 0 0
88  ----  2453 1271 2778 0 0
89  ----  19 17 20 0 0
90  ----  3977 2867 6226 0 0
91  ----  2355 1763 3688 0 0
92  ----  3623 2254 5438 0 0
93  ----  4999 2443 6416 0 0
94  ----  3400 1942 4304 0 0
95  ----  3320 1717 4468 0 0
96  ----  4524 1951 6047 0 0
97  ----  1692 1224 3030 0 0
98  ----  36 31 60 0 0
99  ----  4815 3431 8418 0 0
100  ----  5306 2868 7144 0 0
101  ----  4505 2734 6825 0 0
102  ----  77 139 309 0 0
103  ----  4180 2797 6208 0 0
104  ----  1130 1401 3573 0 0
105  ----  4829 2614 7373 0 0
106  ----  757 749 1530 0 0
107  ----  155 65 220 0 0
108  ----  5 4 6 0 0
109  ----  34 29 38 0 0
110  ----  20 3 20 0 0
111  ----  4569 2344 6646 0 0
112  ----  318 515 1207 0 0
113  ----  61 131 178 0 0
114  ----  1821 968 2853 0 0
115  ----  90 137 273 0 0
116  ----  1497 804 1884 0 0
117  ----  591 618 1415 0 0
118  ----  1216 926 2369 0 0
119  ----  3551 1880 4863 0 0
120  ----  1872 1334 2884 0 0
121  ----  2394 1213 3068 0 0
122  ----  1542 880 2141 0 0
123  ----  19 22 37 0 0
124  ----  12 5 12 0 0
125  ----  2127 1207 2728 0 0
126  ----  1904 1505 2748 0 0
127  ----  1647 1126 2839 0 0
128  ----  1161 971 2204 0 0
129  ----  3671 1497 4358 0 0
130  ----  2983 1807 4476 0 0
131  ----  488 502 1128 0 0
132  ----  166 383 675 0 0
133  ----  2071 1448 3538 0 0
134  ----  124 62 180 0 0
135  ----  2057 1282 3195 0 0
136  ----  1105 801 1789 0 0
137  ----  2136 1335 3120 0 0
138  ----  1792 1336 2902 0 0
139  ----  2920 1692 3762 0 0
140  ----  1403 1188 2320 0 0
141  ----  2356 1432 3156 0 0
142  ----  871 1061 1782 0 0
143  ----  2214 1341 3515 0 0
144  ----  2461 1515 4158 0 0
145  ----  4053 3036 6225 0 0
146  ----  2402 2140 3574 0 0
147  ----  3591 2024 5506 0 0
148  ----  5981 3773 7695 0 0
149  ----  3267 1558 4328 0 0
150  ----  3677 3051 5890 0 0
151  ----  3720 2103 4869 0 0
152  ----  2299 1437 3143 0 0
153  ----  2060 1476 3153 0 0
154  ----  2175 1342 3405 0 0
155  ----  2698 1322 3803 0 0
156  ----  2578 1422 3106 0 0
157  ----  3411 1841 4898 0 0
158  ----  3911 2455 5574 0 0
159  ----  3303 2155 5008 0 0
160  ----  2102 1318 3285 0 0
161  ----  3292 1691 4861 0 0
162  ----  500 742 1911 0 0
163  ----  1785 1268 2616 0 0
164  ----  3130 2253 5248 0 0
165  ----  612 571 1188 0 0
166  ----  49 39 57 0 0
167  ----  1906 1376 2754 0 0
168  ----  11 10 11 0 0
169  ----  287 151 320 0 0
170  ----  2067 1465 3874 0 0
171  ----  3419 1964 4960 0 0
172  ----  3268 1328 3950 0 0
173  ----  3178 1831 4669 0 0
174  ----  3135 1570 4495 0 0
175  ----  3243 1701 4525 0 0
176  ----  3784 2256 5491 0 0
177  ----  2478 1171 3499 0 0
178  ----  673 919 2085 0 0
179  ----  5 5 5 0 0
180  ----  611 219 1122 0 0
181  ----  5802 4079 8626 0 0
182  ----  5594 2406 7777 0 0
183  ----  5676 3043 8493 0 0
184  ----  3384 1640 5297 0 0
185  ----  4547 4152 8171 0 0
186  ----  4211 2114 6829 0 0
187  ----  4910 2711 7152 0 0
188  ----  9671 5061 12132 0 0
189  ----  4866 2796 7144 0 0
190  ----  3748 1958 5842 0 0
191  ----  6027 3550 9471 0 0
192  ----  4950 2874 7139 0 0
193  ----  2521 1442 3622 0 0
194  ----  4553 2635 7419 0 0
195  ----  318 157 385 0 0
196  ----  4278 2722 7084 0 0
197  ----  5067 2111 5675 0 0
198  ----  5736 2425 7781 0 0
199  ----  3682 2680 5116 0 0
200  ----  3284 1812 4640 0 0
201  ----  320 134 485 0 0
202  ----  2448 1970 4072 0 0
203  ----  2409 1394 3214 0 0
204  ----  6142 3719 9609 0 0
205  ----  2489 1038 3234 0 0
206  ----  4570 2709 6223 0 0
207  ----  3655 2341 6530 0 0
208  ----  3855 2464 5523 0 0
209  ----  3524 2448 5693 0 0
210  ----  4664 2583 5786 0 0
211  ----  3514 1757 5442 0 0
212  ----  322 216 495 0 0
213  ----  2676 1270 3218 0 0
214  ----  2747 1453 3613 0 0
215  ----  4923 1735 5417 0 0
216  ----  19 22 56 0 0
217  ----  2 2 2 0 0
218  ----  3624 1754 4850 0 0
219  ----  3224 2023 4691 0 0
220  ----  122 338 784 0 0
221  ----  1729 917 2726 0 0
222  ----  1722 904 2899 0 0
223  ----  1477 791 2045 0 0
224  ----  963 446 1339 0 0
225  ----  1521 892 2401 0 0
226  ----  3973 1646 5320 0 0
227  ----  1611 993 2239 0 0
228  ----  4677 2250 6286 0 0
229  ----  3047 1756 4199 0 0
230  ----  2458 1147 3995 0 0
231  ----  1347 662 1883 0 0
232  ----  3011 1355 3627 0 0
233  ----  1692 1060 2325 0 0
234  ----  190 399 1019 0 0
235  ----  233 303 635 0 0
236  ----  656 797 1839 0 0
237  ----  916 846 1184 0 0
238  ----  0 0 0 0 0
239  ----  1264 748 2194 0 0
240  ----  242 418 735 0 0
241  ----  2592 2328 4106 0 0
242  ----  1578 897 2586 0 0
243  ----  609 545 987 0 0
244  ----  7 7 7 0 0
245  ----  4117 1836 6023 0 0
246  ----  2368 1236 3820 0 0
247  ----  1874 1031 2769 0 0
248  ----  3698 1485 4881 0 0
249  ----  5904 3147 7925 0 0
250  ----  3904 2235 5898 0 0
251  ----  2751 1798 3777 0 0
252  ----  4619 2720 6362 0 0
253  ----  13 12 13 0 0
254  ----  1006 740 1365 0 0
255  ----  6 5 6 0 0
256  ----  3321 2556 5698 0 0
257  ----  3372 2137 4661 0 0
258  ----  3048 1895 5065 0 0
259  ----  3097 2042 4814 0 0
260  ----  4994 2528 7354 0 0
261  ----  347 294 691 0 0
262  ----  3190 1802 4659 0 0
263  ----  2785 1825 4272 0 0
264  ----  4308 2182 6309 0 0
265  ----  1261 863 2037 0 0
266  ----  3255 1538 4526 0 0
267  ----  2742 1403 3617 0 0
268  ----  4483 2473 6369 0 0
269  ----  3561 2021 5511 0 0
270  ----  4103 2413 5515 0 0
271  ----  60 87 173 0 0
272  ----  369 345 897 0 0
273  ----  168 212 441 0 0
274  ----  4078 1952 5913 0 0
275  ----  1288 755 2097 0 0
276  ----  1395 1004 2514 0 0
277  ----  29 26 33 0 0
278  ----  1107 838 2048 0 0
279  ----  1578 1106 2613 0 0
280  ----  4830 2358 6593 0 0
281  ----  7 4 7 0 0
282  ----  157 160 377 0 0
283  ----  120 111 256 0 0
284  ----  7728 3319 10100 0 0
285  ----  4342 1766 5877 0 0
286  ----  2796 1807 4061 0 0
287  ----  4080 2234 6088 0 0
288  ----  2786 1485 3596 0 0
289  ----  220 349 746 0 0
290  ----  2928 2022 4720 0 0
291  ----  734 24 758 0 0
292  ----  6787 3314 9078 0 0
293  ----  3307 1610 4458 0 0
294  ----  6091 3079 8057 0 0
295  ----  291 346 735 0 0
296  ----  5932 3924 8740 0 0
297  ----  3374 2015 5070 0 0
298  ----  2385 1310 3276 0 0
299  ----  3153 2055 4838 0 0
300  ----  3460 1325 4451 0 0
301  ----  4051 2386 5579 0 0
302  ----  5112 2223 6579 0 0
303  ----  1419 907 2905 0 0
304  ----  3966 2089 5837 0 0
305  ----  41 22 41 0 0
306  ----  506 289 719 0 0
307  ----  1277 781 1479 0 0
308  ----  0 0 0 0 0
309  ----  5748 3265 8001 0 0
310  ----  3622 1993 6273 0 0
311  ----  2374 1019 3810 0 0
312  ----  3619 1682 4891 0 0
313  ----  2155 1558 3668 0 0
314  ----  4003 1225 5055 0 0
315  ----  1699 874 2581 0 0
316  ----  5143 1936 6999 0 0
317  ----  1098 875 1843 0 0
318  ----  794 414 1040 0 0
319  ----  201 267 446 0 0
320  ----  2817 1184 4232 0 0
321  ----  260 278 591 0 0
322  ----  2853 1445 4450 0 0
323  ----  1166 508 1666 0 0
324  ----  253 189 491 0 0
325  ----  9 9 12 0 0
326  ----  3426 1660 4918 0 0
327  ----  4 4 4 0 0
328  ----  3598 2553 6198 0 0
329  ----  3252 2113 5916 0 0
330  ----  2607 1102 3673 0 0
331  ----  3321 2155 5217 0 0
332  ----  3644 1393 4864 0 0
333  ----  3369 1718 4856 0 0
334  ----  185 411 744 0 0
335  ----  1295 913 2801 0 0
336  ----  463 527 1186 0 0
337  ----  482 279 695 0 0
338  ----  1772 818 2412 0 0
339  ----  2539 1129 3417 0 0
340  ----  4 1 4 0 0
341  ----  818 735 1403 0 0
342  ----  279 235 573 0 0
343  ----  235 273 399 0 0
344  ----  20 20 41 0 0
345  ----  2602 1701 4889 0 0
346  ----  2273 1305 3187 0 0
347  ----  3827 2843 6078 0 0
348  ----  5033 3188 6205 0 0
349  ----  3378 2399 5769 0 0
350  ----  2390 1412 3741 0 0
351  ----  2963 1905 4526 0 0
352  ----  4508 3241 6871 0 0
353  ----  2839 1688 3789 0 0
354  ----  2814 1611 4511 0 0
355  ----  4993 2546 7283 0 0
356  ----  5450 2952 6091 0 0
357  ----  3395 2377 5201 0 0
358  ----  3605 2255 5090 0 0
359  ----  3886 2014 4814 0 0
360  ----  2669 1625 3946 0 0
361  ----  3265 1801 4149 0 0
362  ----  2328 1315 3553 0 0
363  ----  2819 1690 4422 0 0
364  ----  2512 1170 3538 0 0
365  ----  3066 1249 3807 0 0
366  ----  50588 15330 56990 0 0
367  ----  15 17 20 0 0
368  ----  74 44 81 0 0
369  ----  2 1 2 0 0
370  ----  11 4 11 0 0
371  ----  7 7 7 0 0
372  ----  2984 1377 3998 0 0
373  ----  7 7 7 0 0
374  ----  2272 1113 2956 0 0
375  ----  2070 957 3109 0 0
376  ----  2097 1393 3065 0 0
377  ----  1321 690 1843 0 0
378  ----  169 244 587 0 0
379  ----  1443 1257 2821 0 0
381
0  ----  252 111 348 0 0
1  ----  22 7 25 0 0
2  ----  1 1 1 0 0
3  ----  28 101 172 0 0
4  ----  4890 2593 7054 0 0
5  ----  878 467 1114 0 0
6  ----  577 546 1552 0 0
7  ----  6949 2817 8476 0 0
8  ----  147 155 341 0 0
9  ----  3593 1440 4627 0 0
10  ----  124 122 304 0 0
11  ----  0 0 0 0 0
12  ----  1177 693 1509 0 0
13  ----  29 163 298 0 0
14  ----  1 1 1 0 0
15  ----  4403 1874 5698 0 0
16  ----  2274 976 2939 0 0
17  ----  2119 1090 2928 0 0
18  ----  8640 4910 12317 0 0
19  ----  373 397 1144 0 0
20  ----  2481 740 2914 0 0
21  ----  3469 1440 4376 0 0
22  ----  922 770 2218 0 0
23  ----  3266 2853 5518 0 0
24  ----  4279 2894 6025 0 0
25  ----  2962 1334 3689 0 0
26  ----  1061 715 1713 0 0
27  ----  322 352 616 0 0
28  ----  586 420 805 0 0
29  ----  4548 2245 5357 0 0
30  ----  3988 2304 5675 0 0
31  ----  694 513 1524 0 0
32  ----  932 551 1243 0 0
33  ----  4370 2085 5917 0 0
34  ----  582 533 878 0 0
35  ----  2443 976 2905 0 0
36  ----  3740 1682 4872 0 0
37  ----  1584 844 1941 0 0
38  ----  44 125 257 0 0
39  ----  1027 562 1404 0 0
40  ----  79 52 99 0 0
41  ----  73 99 233 0 0
42  ----  277 122 312 0 0
43  ----  161 141 364 0 0
44  ----  2414 1400 3064 0 0
45  ----  1291 944 2078 0 0
46  ----  3386 1616 4151 0 0
47  ----  2255 1234 3169 0 0
48  ----  4257 2425 6724 0 0
49  ----  539 667 1133 0 0
50  ----  4796 2884 7200 0 0
51  ----  3293 1984 4972 0 0
52  ----  2053 1103 2608 0 0
53  ----  2239 1511 3701 0 0
54  ----  1710 1006 3022 0 0
55  ----  4349 2655 6283 0 0
56  ----  3855 1978 5819 0 0
57  ----  1826 1050 2702 0 0
58  ----  3595 2312 6021 0 0
59  ----  1730 1121 3124 0 0
60  ----  3432 2094 4838 0 0
61  ----  4522 2244 6453 0 0
62  ----  3576 2361 5942 0 0
63  ----  1856 1135 2664 0 0
64  ----  4986 2793 7154 0 0
65  ----  73 177 342 0 0
66  ----  2748 1558 3897 0 0
67  ----  3413 2443 5286 0 0
68  ----  3089 1994 5299 0 0
69  ----  4329 1924 5410 0 0
70  ----  3786 2634 6242 0 0
71  ----  2074 1246 3095 0 0
72  ----  2501 1598 3896 0 0
73  ----  3688 1846 5126 0 0
74  ----  6598 3011 8051 0 0
75  ----  1043 505 1619 0 0
76  ----  4007 2245 6275 0 0
77  ----  3410 1274 3856 0 0
78  ----  37 23 67 0 0
79  ----  2416 884 3065 0 0
80  ----  1649 776 1734 0 0
81  ----  5 8 9 0 0
82  ----  3161 3308 4288 0 0
83  ----  3591 1410 4091 0 0
84  ----  306 301 722 0 0
85  ----  294 390 1087 0 0
86  ----  1066 527 1358 0 0
87  ----  0 0 0 0 0
88  ----  13 7 13 0 0
89  ----  4444 4498 5614 0 0
90  ----  2 3 3 0 0
91  ----  3200 1911 4846 0 0
92  ----  794 490 1201 0 0
93  ----  653 480 1089 0 0
94  ----  18 48 93 0 0
95  ----  1 1 1 0 0
96  ----  14 26 42 0 0
97  ----  13 9 15 0 0
98  ----  2510 1233 3790 0 0
99  ----  1036 461 1233 0 0
100  ----  6376 3136 9213 0 0
101  ----  5103 2505 7529 0 0
102  ----  3030 1601 3943 0 0
103  ----  2032 1070 2991 0 0
104  ----  1785 1164 2461 0 0
105  ----  2480 1132 2887 0 0
106  ----  3483 2003 5337 0 0
107  ----  39 32 46 0 0
108  ----  282 321 600 0 0
109  ----  0 0 0 0 0
110  ----  0 0 0 0 0
111  ----  258 311 641 0 0
112  ----  20 12 23 0 0
113  ----  122 101 219 0 0
114  ----  3 3 3 0 0
115  ----  3466 1787 5074 0 0
116  ----  64 137 260 0 0
117  ----  268 359 781 0 0
118  ----  63 102 120 0 0
119  ----  0 0 0 0 0
120  ----  1786 1105 2500 0 0
121  ----  2776 1266 3180 0 0
122  ----  816 656 1251 0 0
123  ----  44 101 182 0 0
124  ----  1802 981 2859 0 0
125  ----  0 0 0 0 0
126  ----  2880 1634 3672 0 0
127  ----  50 55 97 0 0
128  ----  27 37 49 0 0
129  ----  118 261 406 0 0
130  ----  2292 1348 3440 0 0
131  ----  1784 1039 2651 0 0
132  ----  1881 1221 2533 0 0
133  ----  534 503 1084 0 0
134  ----  511 417 836 0 0
135  ----  2229 893 2749 0 0
136  ----  20 41 103 0 0
137  ----  561 382 680 0 0
138  ----  1 1 1 0 0
139  ----  1872 1391 2962 0 0
140  ----  1663 824 2365 0 0
141  ----  1052 841 1617 0 0
142  ----  1894 757 2102 0 0
143  ----  881 693 1447 0 0
144  ----  1033 767 1491 0 0
145  ----  1725 1063 2367 0 0
146  ----  1655 1043 2288 0 0
147  ----  1087 461 1234 0 0
148  ----  3150 1980 3999 0 0
149  ----  2177 1382 3787 0 0
150  ----  6645 2601 8358 0 0
151  ----  4044 1580 4921 0 0
152  ----  4001 1441 5069 0 0
153  ----  6053 2704 8048 0 0
154  ----  5967 2612 8262 0 0
155  ----  6380 2913 8286 0 0
156  ----  3498 2033 5263 0 0
157  ----  3365 1567 4127 0 0
158  ----  3707 2344 5613 0 0
159  ----  5404 2209 6655 0 0
160  ----  4179 1564 4528 0 0
161  ----  6006 2945 7494 0 0
162  ----  3181 1313 4259 0 0
163  ----  4580 2425 6620 0 0
164  ----  101 69 121 0 0
165  ----  5 5 5 0 0
166  ----  4 4 4 0 0
167  ----  6198 2057 7099 0 0
168  ----  46 102 143 0 0
169  ----  1057 824 2050 0 0
170  ----  3131 1509 4061 0 0
171  ----  4013 1668 5395 0 0
172  ----  538 495 1419 0 0
173  ----  3659 1629 4395 0 0
174  ----  2410 1126 3003 0 0
175  ----  242 191 657 0 0
176  ----  75 80 171 0 0
177  ----  1607 880 2190 0 0
178  ----  37 92 112 0 0
179  ----  2 1 2 0 0
180  ----  3625 1690 4430 0 0
181  ----  2052 1320 2777 0 0
182  ----  853 526 1510 0 0
183  ----  1140 553 1673 0 0
184  ----  593 308 931 0 0
185  ----  4273 1835 4817 0 0
186  ----  2528 1034 3577 0 0
187  ----  100 160 331 0 0
188  ----  1817 903 2324 0 0
189  ----  3531 1474 4886 0 0
190  ----  4865 1963 5319 0 0
191  ----  2186 1405 3518 0 0
192  ----  2685 1406 4103 0 0
193  ----  76 93 231 0 0
194  ----  2079 833 2533 0 0
195  ----  3448 1817 4770 0 0
196  ----  1 1 1 0 0
197  ----  190 253 596 0 0
198  ----  119 107 396 0 0
199  ----  909 695 2277 0 0
200  ----  4 4 4 0 0
201  ----  1274 663 1755 0 0
202  ----  1666 917 2557 0 0
203  ----  4541 1822 4814 0 0
204  ----  2428 1492 3820 0 0
205  ----  488 366 863 0 0
206  ----  6091 3531 9510 0 0
207  ----  7494 4389 11350 0 0
208  ----  4599 2376 6805 0 0
209  ----  6412 4442 8935 0 0
210  ----  2029 1151 2816 0 0
211  ----  3839 2737 5033 0 0
212  ----  6893 3828 8644 0 0
213  ----  5286 2810 7747 0 0
214  ----  3918 1814 4808 0 0
215  ----  6224 2601 6419 0 0
216  ----  3657 1679 4792 0 0
217  ----  7347 3009 8271 0 0
218  ----  2799 1610 4483 0 0
219  ----  3440 1600 5106 0 0
220  ----  3269 1657 3862 0 0
221  ----  6643 2660 7319 0 0
222  ----  4939 2877 7469 0 0
223  ----  1169 730 1953 0 0
224  ----  2776 1312 3700 0 0
225  ----  4363 1866 5451 0 0
226  ----  4087 2278 5875 0 0
227  ----  2230 1071 3094 0 0
228  ----  1709 1341 2871 0 0
229  ----  7723 4108 10388 0 0
230  ----  10310 4087 10994 0 0
231  ----  4096 1753 4552 0 0
232  ----  1398 1175 1929 0 0
233  ----  769 485 1057 0 0
234  ----  4530 1682 5384 0 0
235  ----  3182 1262 3810 0 0
236  ----  346 415 936 0 0
237  ----  2135 1144 2998 0 0
238  ----  3625 1788 4780 0 0
239  ----  88 156 270 0 0
240  ----  11 13 14 0 0
241  ----  73 69 276 0 0
242  ----  1970 813 2326 0 0
243  ----  2492 1007 3715 0 0
244  ----  1263 607 2102 0 0
245  ----  1415 682 2046 0 0
246  ----  3588 1454 4920 0 0
247  ----  2320 985 3979 0 0
248  ----  5438 1760 6955 0 0
249  ----  95 214 471 0 0
250  ----  2606 1301 3703 0 0
251  ----  2700 1259 3499 0 0
252  ----  3642 1936 5600 0 0
253  ----  3066 1140 4586 0 0
254  ----  3076 952 3548 0 0
255  ----  3844 1553 4559 0 0
256  ----  2248 1036 3580 0 0
257  ----  62 18 71 0 0
258  ----  6207 2187 7227 0 0
259  ----  289 401 948 0 0
260  ----  7 6 8 0 0
261  ----  345 275 685 0 0
262  ----  1 2 2 0 0
263  ----  6 6 6 0 0
264  ----  302 260 1034 0 0
265  ----  63 147 238 0 0
266  ----  1954 1180 2660 0 0
267  ----  4913 2547 7391 0 0
268  ----  5673 2837 8408 0 0
269  ----  5245 2465 6813 0 0
270  ----  3984 2419 6348 0 0
271  ----  4484 2912 5796 0 0
272  ----  6455 3269 9248 0 0
273  ----  2443 1316 3579 0 0
274  ----  282 500 1086 0 0
275  ----  917 1085 2656 0 0
276  ----  81 99 198 0 0
277  ----  1296 846 1952 0 0
278  ----  1158 835 1620 0 0
279  ----  14 13 14 0 0
280  ----  111 178 320 0 0
281  ----  211 218 483 0 0
282  ----  155 66 188 0 0
283  ----  97 66 119 0 0
284  ----  125 134 300 0 0
285  ----  3 3 3 0 0
286  ----  12 9 13 0 0
287  ----  0 0 0 0 0
288  ----  69 62 71 0 0
289  ----  395 540 1135 0 0
290  ----  0 0 0 0 0
291  ----  95 147 719 0 0
292  ----  3460 1978 5100 0 0
293  ----  5103 2160 6021 0 0
294  ----  78 232 330 0 0
295  ----  4543 1981 6224 0 0
296  ----  709 839 2085 0 0
297  ----  8590 3540 11116 0 0
298  ----  3284 1200 4091 0 0
299  ----  3743 1860 5002 0 0
300  ----  4 5 6 0 0
301  ----  4035 1729 6202 0 0
302  ----  4422 2156 6063 0 0
303  ----  4342 1905 6217 0 0
304  ----  146 241 519 0 0
305  ----  52 36 83 0 0
306  ----  316 483 1001 0 0
307  ----  17 17 18 0 0
308  ----  286 292 635 0 0
309  ----  10 6 10 0 0
310  ----  9527 2164 11908 0 0
311  ----  4 4 4 0 0
312  ----  17 19 23 0 0
313  ----  6 5 6 0 0
314  ----  5798 2734 7667 0 0
315  ----  1986 1103 3190 0 0
316  ----  2690 1501 4586 0 0
317  ----  3621 1603 4490 0 0
318  ----  2059 1010 2692 0 0
319  ----  247 290 616 0 0
320  ----  3460 2151 5649 0 0
321  ----  108 59 155 0 0
322  ----  314 190 541 0 0
323  ----  314 318 933 0 0
324  ----  0 0 0 0 0
325  ----  5605 2716 8414 0 0
326  ----  3239 1942 5342 0 0
327  ----  2917 1362 3963 0 0
328  ----  2345 1182 3555 0 0
329  ----  1251 778 2191 0 0
330  ----  231 187 416 0 0
331  ----  162 168 403 0 0
332  ----  5 5 5 0 0
333  ----  9 3 9 0 0
334  ----  104 170 330 0 0
335  ----  1739 825 2251 0 0
336  ----  123 107 196 0 0
337  ----  16 15 28 0 0
338  ----  160 213 439 0 0
339  ----  8 8 8 0 0
340  ----  3062 1547 3953 0 0
341  ----  2063 1336 3139 0 0
342  ----  2534 1313 3646 0 0
343  ----  3998 2048 6230 0 0
344  ----  3081 960 3471 0 0
345  ----  3901 2035 5652 0 0
346  ----  10243 4198 12863 0 0
347  ----  5448 2298 6548 0 0
348  ----  5015 2361 6643 0 0
349  ----  1225 936 2298 0 0
350  ----  5043 2882 7044 0 0
351  ----  152 206 414 0 0
352  ----  2371 1688 4310 0 0
353  ----  4495 1893 6291 0 0
354  ----  3182 1627 3879 0 0
355  ----  4400 2475 7030 0 0
356  ----  4742 2209 5920 0 0
357  ----  2668 1651 4576 0 0
358  ----  4965 2575 5766 0 0
359  ----  4530 2131 6361 0 0
360  ----  5546 2805 6321 0 0
361  ----  5213 3022 7296 0 0
362  ----  3633 1769 4459 0 0
363  ----  1732 900 2402 0 0
364  ----  3097 1332 3583 0 0
365  ----  5382 2127 6449 0 0
366  ----  3794 1974 5283 0 0
367  ----  3270 1666 5327 0 0
368  ----  2802 1030 3283 0 0
369  ----  3728 1887 5587 0 0
370  ----  1326 933 2249 0 0
371  ----  325 357 1163 0 0
372  ----  1806 935 2511 0 0
373  ----  168 240 452 0 0
374  ----  443 557 1245 0 0
375  ----  4413 3012 7048 0 0
376  ----  761 703 1422 0 0
377  ----  150 105 215 0 0
378  ----  29 41 61 0 0
379  ----  3 10 23 0 0
380  ----  23 15 23 0 0
1051
0  ----  332 630 691 0 0
1  ----  683 295 1464 0 0
2  ----  419 219 611 0 0
3  ----  408 221 694 0 0
4  ----  700 336 1388 0 0
5  ----  761 370 1946 0 0
6  ----  375 239 842 0 0
7  ----  358 193 692 0 0
8  ----  526 238 691 0 0
9  ----  8 7 8 0 0
10  ----  711 587 1018 0 0
11  ----  211 283 388 0 0
12  ----  346 380 633 0 0
13  ----  158 154 342 0 0
14  ----  146 115 217 0 0
15  ----  206 172 362 0 0
16  ----  205 147 322 0 0
17  ----  174 260 641 0 0
18  ----  700 1020 1467 0 0
19  ----  463 360 757 0 0
20  ----  164 153 316 0 0
21  ----  375 404 811 0 0
22  ----  4 2 4 0 0
23  ----  273 211 376 0 0
24  ----  440 413 1001 0 0
25  ----  388 118 422 0 0
26  ----  701 433 1191 0 0
27  ----  598 450 1123 0 0
28  ----  133 91 146 0 0
29  ----  25 18 25 0 0
30  ----  623 721 1140 0 0
31  ----  785 598 1343 0 0
32  ----  933 1154 1933 0 0
33  ----  343 239 470 0 0
34  ----  459 315 777 0 0
35  ----  0 0 0 0 0
36  ----  373 346 813 0 0
37  ----  608 475 904 0 0
38  ----  2 2 2 0 0
39  ----  802 611 1262 0 0
40  ----  325 243 495 0 0
41  ----  404 465 914 0 0
42  ----  399 378 905 0 0
43  ----  544 566 1035 0 0
44  ----  854 609 1333 0 0
45  ----  70 154 333 0 0
46  ----  588 169 808 0 0
47  ----  7 6 7 0 0
48  ----  1195 1473 2714 0 0
49  ----  382 381 568 0 0
50  ----  197 88 197 0 0
51  ----  653 618 1146 0 0
52  ----  1379 1095 2399 0 0
53  ----  265 151 286 0 0
54  ----  17 15 17 0 0
55  ----  778 594 1146 0 0
56  ----  5 6 6 0 0
57  ----  551 701 831 0 0
58  ----  3 4 5 0 0
59  ----  770 1030 1374 0 0
60  ----  254 204 337 0 0
61  ----  30 34 39 0 0
62  ----  188 163 284 0 0
63  ----  219 208 462 0 0
64  ----  135 111 273 0 0
65  ----  178 105 273 0 0
66  ----  5 4 6 0 0
67  ----  88 93 154 0 0
68  ----  316 417 720 0 0
69  ----  209 185 366 0 0
70  ----  176 167 301 0 0
71  ----  172 70 229 0 0
72  ----  18 5 19 0 0
73  ----  23 8 25 0 0
74  ----  231 165 283 0 0
75  ----  278 8 279 0 0
76  ----  356 116 416 0 0
77  ----  276 257 376 0 0
78  ----  204 171 254 0 0
79  ----  434 728 953 0 0
80  ----  453 225 721 0 0
81  ----  403 207 461 0 0
82  ----  222 122 280 0 0
83  ----  610 930 1245 0 0
84  ----  187 165 198 0 0
85  ----  397 480 561 0 0
86  ----  1514 979 2191 0 0
87  ----  1260 1302 2181 0 0
88  ----  389 314 874 0 0
89  ----  619 617 1462 0 0
90  ----  774 624 1091 0 0
91  ----  988 811 1565 0 0
92  ----  630 459 934 0 0
93  ----  1237 599 1746 0 0
94  ----  27 5 29 0 0
95  ----  507 545 991 0 0
96  ----  1204 893 1848 0 0
97  ----  1189 828 1752 0 0
98  ----  11 3 14 0 0
99  ----  7 1 7 0 0
100  ----  13 1 13 0 0
101  ----  743 389 874 0 0
102  ----  4 4 4 0 0
103  ----  559 502 911 0 0
104  ----  6 4 6 0 0
105  ----  510 363 712 0 0
106  ----  649 540 1005 0 0
107  ----  1 1 1 0 0
108  ----  1075 981 2218 0 0
109  ----  751 565 995 0 0
110  ----  847 987 1649 0 0
111  ----  619 657 1029 0 0
112  ----  305 152 335 0 0
113  ----  2 3 3 0 0
114  ----  26 2 27 0 0
115  ----  5 6 6 0 0
116  ----  734 839 1596 0 0
117  ----  220 166 460 0 0
118  ----  911 447 1251 0 0
119  ----  1082 947 1871 0 0
120  ----  890 788 1428 0 0
121  ----  1579 772 2501 0 0
122  ----  934 633 1234 0 0
123  ----  658 665 1617 0 0
124  ----  572 519 1024 0 0
125  ----  574 647 1150 0 0
126  ----  286 244 431 0 0
127  ----  766 478 1182 0 0
128  ----  767 494 1218 0 0
129  ----  1034 1097 1873 0 0
130  ----  1094 907 1148 0 0
131  ----  1210 881 1661 0 0
132  ----  626 444 1016 0 0
133  ----  582 414 910 0 0
134  ----  802 613 1204 0 0
135  ----  463 392 902 0 0
136  ----  537 420 766 0 0
137  ----  805 773 1486 0 0
138  ----  554 369 757 0 0
139  ----  638 539 1190 0 0
140  ----  433 335 750 0 0
141  ----  670 585 1263 0 0
142  ----  973 558 1305 0 0
143  ----  630 511 1025 0 0
144  ----  2084 1253 3158 0 0
145  ----  1001 680 1575 0 0
146  ----  237 198 290 0 0
147  ----  492 443 899 0 0
148  ----  0 0 0 0 0
149  ----  1 3 3 0 0
150  ----  360 191 640 0 0
151  ----  11 11 11 0 0
152  ----  33 34 38 0 0
153  ----  193 132 357 0 0
154  ----  113 79 148 0 0
155  ----  31 55 63 0 0
156  ----  226 307 735 0 0
157  ----  246 237 479 0 0
158  ----  272 271 472 0 0
159  ----  272 229 431 0 0
160  ----  1124 769 1602 0 0
161  ----  87 98 197 0 0
162  ----  339 268 464 0 0
163  ----  228 208 280 0 0
164  ----  282 231 431 0 0
165  ----  297 130 378 0 0
166  ----  1 1 1 0 0
167  ----  1552 681 1915 0 0
168  ----  299 329 502 0 0
169  ----  295 282 791 0 0
170  ----  489 415 640 0 0
171  ----  480 633 838 0 0
172  ----  191 239 358 0 0
173  ----  3 4 5 0 0
174  ----  228 292 679 0 0
175  ----  187 130 267 0 0
176  ----  589 420 1005 0 0
177  ----  90 84 142 0 0
178  ----  0 0 0 0 0
179  ----  116 214 386 0 0
180  ----  632 1339 1428 0 0
181  ----  852 838 986 0 0
182  ----  251 193 382 0 0
183  ----  144 124 175 0 0
184  ----  1 1 1 0 0
185  ----  0 0 0 0 0
186  ----  354 281 457 0 0
187  ----  219 122 277 0 0
188  ----  376 313 507 0 0
189  ----  32 13 49 0 0
190  ----  168 92 253 0 0
191  ----  5 4 5 0 0
192  ----  424 269 728 0 0
193  ----  259 315 445 0 0
194  ----  12 19 33 0 0
195  ----  538 540 1171 0 0
196  ----  2 2 3 0 0
197  ----  202 160 276 0 0
198  ----  179 259 390 0 0
199  ----  148 190 335 0 0
200  ----  415 529 966 0 0
201  ----  359 349 830 0 0
202  ----  213 282 491 0 0
203  ----  2 1 2 0 0
204  ----  271 327 553 0 0
205  ----  198 209 301 0 0
206  ----  89 60 89 0 0
207  ----  192 186 324 0 0
208  ----  122 118 226 0 0
209  ----  353 348 652 0 0
210  ----  307 218 534 0 0
211  ----  343 315 675 0 0
212  ----  110 95 128 0 0
213  ----  197 108 235 0 0
214  ----  416 294 444 0 0
215  ----  3 2 3 0 0
216  ----  106 41 106 0 0
217  ----  196 298 355 0 0
218  ----  109 165 328 0 0
219  ----  207 188 329 0 0
220  ----  471 626 992 0 0
221  ----  719 489 1051 0 0
222  ----  0 0 0 0 0
223  ----  1050 619 1361 0 0
224  ----  169 103 209 0 0
225  ----  9 10 10 0 0
226  ----  5 5 5 0 0
227  ----  686 420 983 0 0
228  ----  630 581 1222 0 0
229  ----  316 272 477 0 0
230  ----  305 198 401 0 0
231  ----  414 423 590 0 0
232  ----  4 3 6 0 0
233  ----  9 6 14 0 0
234  ----  11 1 11 0 0
235  ----  388 172 390 0 0
236  ----  579 378 943 0 0
237  ----  354 501 852 0 0
238  ----  707 850 1351 0 0
239  ----  43 65 94 0 0
240  ----  414 346 579 0 0
241  ----  478 409 575 0 0
242  ----  434 424 800 0 0
243  ----  692 882 1470 0 0
244  ----  297 171 458 0 0
245  ----  581 354 916 0 0
246  ----  74 149 362 0 0
247  ----  340 241 471 0 0
248  ----  1125 530 1578 0 0
249  ----  356 233 520 0 0
250  ----  872 645 1275 0 0
251  ----  244 186 490 0 0
252  ----  543 335 912 0 0
253  ----  150 162 347 0 0
254  ----  4 4 4 0 0
255  ----  426 557 985 0 0
256  ----  292 195 415 0 0
257  ----  561 514 1188 0 0
258  ----  2 2 2 0 0
259  ----  2 2 2 0 0
260  ----  540 957 1149 0 0
261  ----  283 171 379 0 0
262  ----  128 175 251 0 0
263  ----  2 3 4 0 0
264  ----  138 98 228 0 0
265  ----  182 239 461 0 0
266  ----  589 298 774 0 0
267  ----  159 86 180 0 0
268  ----  353 288 719 0 0
269  ----  165 222 525 0 0
270  ----  1043 533 1360 0 0
271  ----  304 313 528 0 0
272  ----  183 270 333 0 0
273  ----  0 0 0 0 0
274  ----  428 272 563 0 0
275  ----  582 453 1051 0 0
276  ----  4 3 4 0 0
277  ----  4501 872 4987 0 0
278  ----  518 263 819 0 0
279  ----  2594 913 3954 0 0
280  ----  570 377 711 0 0
281  ----  376 198 466 0 0
282  ----  2418 1939 3981 0 0
283  ----  850 954 1808 0 0
284  ----  928 658 1121 0 0
285  ----  894 737 937 0 0
286  ----  311 233 377 0 0
287  ----  752 608 1410 0 0
288  ----  771 479 857 0 0
289  ----  962 861 1320 0 0
290  ----  543 372 866 0 0
291  ----  44 108 194 0 0
292  ----  437 280 606 0 0
293  ----  622 591 1249 0 0
294  ----  583 437 782 0 0
295  ----  519 565 941 0 0
296  ----  758 742 1464 0 0
297  ----  444 305 718 0 0
298  ----  798 542 1128 0 0
299  ----  613 726 1395 0 0
300  ----  537 639 1173 0 0
301  ----  515 369 877 0 0
302  ----  15 16 16 0 0
303  ----  527 399 840 0 0
304  ----  162 115 220 0 0
305  ----  649 583 1038 0 0
306  ----  6 17 19 0 0
307  ----  598 576 1056 0 0
308  ----  462 381 678 0 0
309  ----  386 150 428 0 0
310  ----  463 223 534 0 0
311  ----  234 272 532 0 0
312  ----  394 358 675 0 0
313  ----  354 286 497 0 0
314  ----  957 344 1198 0 0
315  ----  146 105 146 0 0
316  ----  282 220 464 0 0
317  ----  9 8 10 0 0
318  ----  325 317 557 0 0
319  ----  194 161 219 0 0
320  ----  290 219 386 0 0
321  ----  24 29 51 0 0
322  ----  678 64 682 0 0
323  ----  1 1 1 0 0
324  ----  328 402 593 0 0
325  ----  8 6 8 0 0
326  ----  426 264 550 0 0
327  ----  105 99 105 0 0
328  ----  4 5 5 0 0
329  ----  271 236 416 0 0
330  ----  1 1 1 0 0
331  ----  57 50 137 0 0
332  ----  259 177 319 0 0
333  ----  206 253 419 0 0
334  ----  406 349 640 0 0
335  ----  369 219 474 0 0
336  ----  542 293 686 0 0
337  ----  194 215 318 0 0
338  ----  608 755 830 0 0
339  ----  320 349 590 0 0
340  ----  287 458 587 0 0
341  ----  10 10 15 0 0
342  ----  448 397 658 0 0
343  ----  507 329 740 0 0
344  ----  328 565 712 0 0
345  ----  70 117 441 0 0
346  ----  0 0 0 0 0
347  ----  260 95 330 0 0
348  ----  88 67 161 0 0
349  ----  94 102 204 0 0
350  ----  349 281 374 0 0
351  ----  176 115 179 0 0
352  ----  343 248 392 0 0
353  ----  1285 645 1763 0 0
354  ----  419 263 631 0 0
355  ----  713 587 1101 0 0
356  ----  36 21 36 0 0
357  ----  584 420 740 0 0
358  ----  542 358 628 0 0
359  ----  560 390 820 0 0
360  ----  929 474 1053 0 0
361  ----  8 8 8 0 0
362  ----  555 370 776 0 0
363  ----  983 439 1167 0 0
364  ----  20 22 26 0 0
365  ----  267 189 335 0 0
366  ----  417 364 725 0 0
367  ----  453 225 547 0 0
368  ----  2 2 2 0 0
369  ----  208 139 347 0 0
370  ----  385 397 617 0 0
371  ----  227 171 294 0 0
372  ----  456 440 842 0 0
373  ----  517 453 876 0 0
374  ----  117 74 146 0 0
375  ----  406 422 1327 0 0
376  ----  168 127 270 0 0
377  ----  22 31 74 0 0
378  ----  228 136 317 0 0
379  ----  196 55 207 0 0
380  ----  517 496 804 0 0
381  ----  1 1 1 0 0
382  ----  2 2 2 0 0
383  ----  0 0 0 0 0
384  ----  324 241 656 0 0
385  ----  96 95 161 0 0
386  ----  139 60 172 0 0
387  ----  86 76 150 0 0
388  ----  518 196 605 0 0
389  ----  5 5 5 0 0
390  ----  158 61 178 0 0
391  ----  101 117 312 0 0
392  ----  300 60 349 0 0
393  ----  25 16 25 0 0
394  ----  227 147 299 0 0
395  ----  12 20 28 0 0
396  ----  321 497 563 0 0
397  ----  719 678 853 0 0
398  ----  292 354 422 0 0
399  ----  357 516 694 0 0
400  ----  92 142 200 0 0
401  ----  646 1042 1172 0 0
402  ----  137 111 259 0 0
403  ----  217 94 221 0 0
404  ----  213 111 295 0 0
405  ----  156 103 188 0 0
406  ----  663 933 1145 0 0
407  ----  53 49 81 0 0
408  ----  91 83 105 0 0
409  ----  97 33 100 0 0
410  ----  4 1 4 0 0
411  ----  345 115 474 0 0
412  ----  168 108 282 0 0
413  ----  41 91 138 0 0
414  ----  554 500 949 0 0
415  ----  5 5 6 0 0
416  ----  513 306 659 0 0
417  ----  244 184 410 0 0
418  ----  358 205 622 0 0
419  ----  916 1187 1728 0 0
420  ----  175 196 355 0 0
421  ----  549 903 1465 0 0
422  ----  17 37 37 0 0
423  ----  157 145 271 0 0
424  ----  87 270 439 0 0
425  ----  348 492 870 0 0
426  ----  585 760 1073 0 0
427  ----  225 237 546 0 0
428  ----  353 526 801 0 0
429  ----  504 453 913 0 0
430  ----  780 607 1289 0 0
431  ----  88 63 101 0 0
432  ----  537 509 896 0 0
433  ----  635 472 958 0 0
434  ----  1 1 1 0 0
435  ----  4 6 6 0 0
436  ----  1 1 1 0 0
437  ----  481 406 793 0 0
438  ----  366 232 504 0 0
439  ----  2 2 3 0 0
440  ----  500 239 643 0 0
441  ----  208 262 306 0 0
442  ----  192 245 322 0 0
443  ----  123 112 213 0 0
444  ----  350 525 629 0 0
445  ----  109 128 147 0 0
446  ----  255 195 323 0 0
447  ----  482 391 775 0 0
448  ----  429 542 882 0 0
449  ----  369 395 594 0 0
450  ----  5 3 5 0 0
451  ----  230 214 281 0 0
452  ----  370 214 489 0 0
453  ----  198 179 270 0 0
454  ----  115 118 180 0 0
455  ----  172 213 300 0 0
456  ----  346 216 493 0 0
457  ----  229 160 270 0 0
458  ----  184 118 192 0 0
459  ----  246 168 312 0 0
10
0  ----  0 0 0 0 0
1  ----  0 0 0 0 0
2  ----  23 3 24 0 0
3  ----  204 195 281 0 0
4  ----  0 0 0 0 0
5  ----  2050 1127 2572 0 0
6  ----  11 6 11 0 0
7  ----  318 482 745 0 0
8  ----  1 1 1 0 0
9  ----  21 5 21 0 0
142
0  ----  40 27 46 0 0
1  ----  24 30 47 0 0
2  ----  2026 1043 2506 0 0
3  ----  3465 1540 3813 0 0
4  ----  2759 1520 3285 0 0
5  ----  1543 610 1769 0 0
6  ----  3196 2063 4334 0 0
7  ----  1918 824 2139 0 0
8  ----  1190 471 1294 0 0
9  ----  2140 882 2389 0 0
10  ----  409 317 852 0 0
11  ----  2539 996 3028 0 0
12  ----  2121 1166 2405 0 0
13  ----  896 453 1090 0 0
14  ----  1141 624 1356 0 0
15  ----  833 433 1187 0 0
16  ----  1328 633 1467 0 0
17  ----  508 261 548 0 0
18  ----  1770 978 2271 0 0
19  ----  2173 1038 2471 0 0
20  ----  3172 1458 3425 0 0
21  ----  2409 1512 2958 0 0
22  ----  1204 617 1483 0 0
23  ----  1929 840 2200 0 0
24  ----  2839 1256 3415 0 0
25  ----  931 428 1097 0 0
26  ----  1460 748 1664 0 0
27  ----  184 97 195 0 0
28  ----  1509 536 1711 0 0
29  ----  990 551 1184 0 0
30  ----  2 15 26 0 0
31  ----  35 23 45 0 0
32  ----  2555 1020 2800 0 0
33  ----  2011 839 2191 0 0
34  ----  22 44 92 0 0
35  ----  2015 1298 2782 0 0
36  ----  1662 772 1915 0 0
37  ----  1042 585 1288 0 0
38  ----  2089 1213 2983 0 0
39  ----  978 792 1414 0 0
40  ----  912 562 1013 0 0
41  ----  940 475 951 0 0
42  ----  558 514 741 0 0
43  ----  5 5 5 0 0
44  ----  903 712 1591 0 0
45  ----  19 6 19 0 0
46  ----  22 12 26 0 0
47  ----  12 8 12 0 0
48  ----  6 10 12 0 0
49  ----  129 13 133 0 0
50  ----  6 12 12 0 0
51  ----  2 2 2 0 0
52  ----  3 2 3 0 0
53  ----  0 0 0 0 0
54  ----  0 0 0 0 0
55  ----  0 0 0 0 0
56  ----  1357 595 1514 0 0
57  ----  407 250 494 0 0
58  ----  112 95 251 0 0
59  ----  922 368 1018 0 0
60  ----  196 100 262 0 0
61  ----  805 396 1221 0 0
62  ----  813 315 869 0 0
63  ----  524 430 806 0 0
64  ----  218 125 233 0 0
65  ----  1 1 1 0 0
66  ----  41 10 42 0 0
67  ----  870 375 1047 0 0
68  ----  2691 1586 2721 0 0
69  ----  88 69 158 0 0
70  ----  595 293 721 0 0
71  ----  92 121 191 0 0
72  ----  2 2 2 0 0
73  ----  10 6 12 0 0
74  ----  369 286 606 0 0
75  ----  967 587 1419 0 0
76  ----  1172 704 1564 0 0
77  ----  444 276 743 0 0
78  ----  1442 654 1912 0 0
79  ----  165 84 208 0 0
80  ----  420 413 759 0 0
81  ----  1117 670 1726 0 0
82  ----  1216 600 1409 0 0
83  ----  362 212 462 0 0
84  ----  464 362 738 0 0
85  ----  44 21 44 0 0
86  ----  430 273 585 0 0
87  ----  773 354 1018 0 0
88  ----  529 398 671 0 0
89  ----  9 3 9 0 0
90  ----  682 421 782 0 0
91  ----  530 384 690 0 0
92  ----  1 1 1 0 0
93  ----  0 0 0 0 0
94  ----  2390 1397 2423 0 0
95  ----  1642 1205 2213 0 0
96  ----  199 162 261 0 0
97  ----  1050 571 1219 0 0
98  ----  81 49 89 0 0
99  ----  1845 1322 1865 0 0
100  ----  43 29 46 0 0
101  ----  3 3 3 0 0
102  ----  4 3 4 0 0
103  ----  5 3 5 0 0
104  ----  2 2 2 0 0
105  ----  0 0 0 0 0
106  ----  0 0 0 0 0
107  ----  7 6 9 0 0
108  ----  1 1 1 0 0
109  ----  26 7 26 0 0
110  ----  0 0 0 0 0
111  ----  7 8 9 0 0
112  ----  188 5 194 0 0
113  ----  1349 759 1725 0 0
114  ----  573 323 777 0 0
115  ----  11 9 11 0 0
116  ----  3 3 3 0 0
117  ----  229 127 303 0 0
118  ----  11 9 11 0 0
119  ----  337 166 361 0 0
120  ----  2 2 2 0 0
121  ----  13 10 33 0 0
122  ----  487 317 576 0 0
123  ----  324 208 401 0 0
124  ----  454 257 649 0 0
125  ----  448 277 566 0 0
126  ----  524 644 757 0 0
127  ----  430 308 674 0 0
128  ----  2404 1093 2685 0 0
129  ----  1430 625 1576 0 0
130  ----  1686 1061 1881 0 0
131  ----  2042 1301 2834 0 0
132  ----  2305 1070 2445 0 0
133  ----  332 141 341 0 0
134  ----  105 99 181 0 0
135  ----  2 3 3 0 0
136  ----  15532 5650 21918 0 0
137  ----  0 0 0 0 0
138  ----  0 0 0 0 0
139  ----  596 316 686 0 0
140  ----  800 388 938 0 0
141  ----  6 6 9 0 0
790
0  ----  3 3 3 0 0
1  ----  118 85 155 0 0
2  ----  220 93 235 0 0
3  ----  55 125 356 0 0
4  ----  0 0 0 0 0
5  ----  258 345 680 0 0
6  ----  144 117 188 0 0
7  ----  223 109 760 0 0
8  ----  312 220 542 0 0
9  ----  228 159 407 0 0
10  ----  283 244 769 0 0
11  ----  4 4 4 0 0
12  ----  7 7 7 0 0
13  ----  902 504 2414 0 0
14  ----  437 279 650 0 0
15  ----  397 280 881 0 0
16  ----  312 190 473 0 0
17  ----  148 196 393 0 0
18  ----  17 8 20 0 0
19  ----  166 186 499 0 0
20  ----  55 68 119 0 0
21  ----  1 1 1 0 0
22  ----  1151 1220 1844 0 0
23  ----  838 717 1622 0 0
24  ----  613 552 1739 0 0
25  ----  374 203 717 0 0
26  ----  683 324 1361 0 0
27  ----  204 194 531 0 0
28  ----  714 478 1455 0 0
29  ----  767 336 1325 0 0
30  ----  353 347 572 0 0
31  ----  896 818 2202 0 0
32  ----  220 138 333 0 0
33  ----  553 333 744 0 0
34  ----  75 70 184 0 0
35  ----  34 26 35 0 0
36  ----  289 187 385 0 0
37  ----  0 0 0 0 0
38  ----  18 25 33 0 0
39  ----  0 0 0 0 0
40  ----  15 5 15 0 0
41  ----  5 6 6 0 0
42  ----  7 4 9 0 0
43  ----  3 4 4 0 0
44  ----  1 11 15 0 0
45  ----  6 4 6 0 0
46  ----  31 10 34 0 0
47  ----  5 2 5 0 0
48  ----  143 45 258 0 0
49  ----  80 197 261 0 0
50  ----  944 946 1954 0 0
51  ----  1368 628 1868 0 0
52  ----  1233 606 1531 0 0
53  ----  92 160 291 0 0
54  ----  7 5 7 0 0
55  ----  2617 1288 3196 0 0
56  ----  10 6 10 0 0
57  ----  15 11 15 0 0
58  ----  419 661 872 0 0
59  ----  339 461 509 0 0
60  ----  103 142 195 0 0
61  ----  65 52 92 0 0
62  ----  131 167 202 0 0
63  ----  0 0 0 0 0
64  ----  82 65 110 0 0
65  ----  1386 492 2289 0 0
66  ----  508 368 907 0 0
67  ----  310 275 598 0 0
68  ----  202 104 297 0 0
69  ----  293 399 837 0 0
70  ----  747 517 1079 0 0
71  ----  220 225 589 0 0
72  ----  109 107 224 0 0
73  ----  116 93 120 0 0
74  ----  445 303 906 0 0
75  ----  163 170 279 0 0
76  ----  164 145 253 0 0
77  ----  637 308 1324 0 0
78  ----  826 291 1212 0 0
79  ----  157 135 426 0 0
80  ----  5 5 8 0 0
81  ----  259 97 287 0 0
82  ----  0 0 0 0 0
83  ----  389 286 1116 0 0
84  ----  357 266 728 0 0
85  ----  71 143 381 0 0
86  ----  94 129 374 0 0
87  ----  354 221 686 0 0
88  ----  56 97 123 0 0
89  ----  106 101 191 0 0
90  ----  193 169 298 0 0
91  ----  278 106 304 0 0
92  ----  325 214 552 0 0
93  ----  8 6 8 0 0
94  ----  50 110 183 0 0
95  ----  125 161 526 0 0
96  ----  79 49 83 0 0
97  ----  573 401 859 0 0
98  ----  351 169 582 0 0
99  ----  0 0 0 0 0
100  ----  2 2 2 0 0
101  ----  432 328 686 0 0
102  ----  763 262 962 0 0
103  ----  9 14 22 0 0
104  ----  488 157 563 0 0
105  ----  432 474 802 0 0
106  ----  287 222 404 0 0
107  ----  75 42 75 0 0
108  ----  174 133 223 0 0
109  ----  10 8 10 0 0
110  ----  216 99 345 0 0
111  ----  24 6 24 0 0
112  ----  488 299 702 0 0
113  ----  709 251 901 0 0
114  ----  4 2 4 0 0
115  ----  35 17 36 0 0
116  ----  64 18 64 0 0
117  ----  284 122 353 0 0
118  ----  0 0 0 0 0
119  ----  2146 2441 4978 0 0
120  ----  6006 3442 7409 0 0
121  ----  700 926 1794 0 0
122  ----  92 148 216 0 0
123  ----  2547 1610 3302 0 0
124  ----  0 0 0 0 0
125  ----  0 0 0 0 0
126  ----  981 1554 3443 0 0
127  ----  3 3 3 0 0
128  ----  5 6 6 0 0
129  ----  672 1474 2889 0 0
130  ----  4 2 4 0 0
131  ----  45 38 49 0 0
132  ----  1 1 1 0 0
133  ----  0 0 0 0 0
134  ----  1 1 1 0 0
135  ----  1 1 1 0 0
136  ----  0 0 0 0 0
137  ----  0 0 0 0 0
138  ----  109 5 110 0 0
139  ----  7 2 7 0 0
140  ----  6 6 6 0 0
141  ----  1 1 1 0 0
142  ----  183 166 293 0 0
143  ----  9 8 9 0 0
144  ----  3 3 3 0 0
145  ----  151 218 274 0 0
146  ----  52 87 261 0 0
147  ----  299 150 692 0 0
148  ----  251 139 493 0 0
149  ----  76 67 205 0 0
150  ----  188 152 503 0 0
151  ----  160 124 317 0 0
152  ----  336 439 637 0 0
153  ----  62 28 68 0 0
154  ----  80 58 108 0 0
155  ----  1 1 1 0 0
156  ----  191 23 204 0 0
157  ----  2697 1606 4157 0 0
158  ----  1331 609 1709 0 0
159  ----  1600 781 2628 0 0
160  ----  1701 1218 2762 0 0
161  ----  2792 1793 5274 0 0
162  ----  1215 1024 2513 0 0
163  ----  1086 880 2337 0 0
164  ----  1715 883 2759 0 0
165  ----  2751 2455 6240 0 0
166  ----  1176 638 2070 0 0
167  ----  2666 1427 4278 0 0
168  ----  3003 1318 4489 0 0
169  ----  812 702 1625 0 0
170  ----  153 120 165 0 0
171  ----  2524 1382 4618 0 0
172  ----  1460 900 2556 0 0
173  ----  1000 603 1520 0 0
174  ----  1240 725 2023 0 0
175  ----  2363 1430 4580 0 0
176  ----  2290 1291 3052 0 0
177  ----  990 677 1683 0 0
178  ----  1344 1171 2531 0 0
179  ----  1986 848 2934 0 0
180  ----  859 582 2062 0 0
181  ----  1916 1303 3000 0 0
182  ----  2078 1451 3449 0 0
183  ----  1373 1086 2619 0 0
184  ----  1066 530 1626 0 0
185  ----  1060 1047 2042 0 0
186  ----  944 634 2200 0 0
187  ----  150 110 260 0 0
188  ----  422 331 880 0 0
189  ----  108 120 273 0 0
190  ----  1 1 1 0 0
191  ----  448 192 866 0 0
192  ----  38 116 167 0 0
193  ----  42 59 97 0 0
194  ----  16 52 95 0 0
195  ----  60 90 169 0 0
196  ----  64 22 64 0 0
197  ----  87 66 88 0 0
198  ----  49 23 51 0 0
199  ----  15 10 19 0 0
200  ----  1364 445 2777 0 0
201  ----  396 208 775 0 0
202  ----  16 22 29 0 0
203  ----  7 5 7 0 0
204  ----  0 0 0 0 0
205  ----  191 192 385 0 0
206  ----  80 31 80 0 0
207  ----  101 40 159 0 0
208  ----  201 132 428 0 0
209  ----  30 69 220 0 0
210  ----  0 0 0 0 0
211  ----  64 77 169 0 0
212  ----  29 24 43 0 0
213  ----  29 78 156 0 0
214  ----  33 39 50 0 0
215  ----  0 0 0 0 0
216  ----  0 0 0 0 0
217  ----  168 97 392 0 0
218  ----  186 163 487 0 0
219  ----  1364 457 1824 0 0
220  ----  2126 1007 3150 0 0
221  ----  416 384 690 0 0
222  ----  211 81 276 0 0
223  ----  1 1 1 0 0
224  ----  959 433 1468 0 0
225  ----  2 2 2 0 0
226  ----  3 3 3 0 0
227  ----  953 780 1544 0 0
228  ----  21 10 23 0 0
229  ----  12 10 12 0 0
230  ----  16 5 19 0 0
231  ----  1 1 1 0 0
232  ----  24 22 24 0 0
233  ----  3 3 3 0 0
234  ----  0 0 0 0 0
235  ----  181 154 260 0 0
236  ----  1 2 2 0 0
237  ----  10 9 10 0 0
238  ----  0 0 0 0 0
239  ----  35 27 35 0 0
240  ----  970 437 1660 0 0
241  ----  0 0 0 0 0
242  ----  196 181 442 0 0
243  ----  482 688 1090 0 0
244  ----  0 0 0 0 0
245  ----  1361 657 1898 0 0
246  ----  5 5 5 0 0
247  ----  466 452 858 0 0
248  ----  829 486 1339 0 0
249  ----  210 174 277 0 0
250  ----  400 362 725 0 0
251  ----  949 536 1145 0 0
252  ----  260 177 383 0 0
253  ----  342 266 604 0 0
254  ----  808 517 999 0 0
255  ----  623 491 987 0 0
256  ----  515 392 829 0 0
257  ----  8 5 8 0 0
258  ----  2 2 2 0 0
259  ----  544 383 821 0 0
260  ----  1 1 1 0 0
261  ----  454 300 648 0 0
262  ----  961 440 1662 0 0
263  ----  747 609 1660 0 0
264  ----  806 740 1592 0 0
265  ----  531 536 1159 0 0
266  ----  377 218 529 0 0
267  ----  256 180 612 0 0
268  ----  91 96 191 0 0
269  ----  661 647 1282 0 0
270  ----  255 284 487 0 0
271  ----  137 152 591 0 0
272  ----  832 374 1083 0 0
273  ----  264 262 468 0 0
274  ----  423 405 724 0 0
275  ----  909 492 1671 0 0
276  ----  291 385 656 0 0
277  ----  251 129 308 0 0
278  ----  357 304 558 0 0
279  ----  82 37 82 0 0
280  ----  878 571 1564 0 0
281  ----  4 3 4 0 0
282  ----  4 8 8 0 0
283  ----  3 1 3 0 0
284  ----  0 0 0 0 0
285  ----  9 8 9 0 0
286  ----  112 170 205 0 0
287  ----  11 8 11 0 0
288  ----  23 19 32 0 0
289  ----  69 45 97 0 0
290  ----  64 34 101 0 0
291  ----  46 53 137 0 0
292  ----  126 209 487 0 0
293  ----  565 146 928 0 0
294  ----  381 282 669 0 0
295  ----  1055 317 2129 0 0
296  ----  5 5 5 0 0
297  ----  251 201 766 0 0
298  ----  435 346 918 0 0
299  ----  212 230 574 0 0
300  ----  15 24 31 0 0
301  ----  1284 580 1796 0 0
302  ----  150 232 815 0 0
303  ----  186 89 229 0 0
304  ----  345 481 678 0 0
305  ----  263 220 738 0 0
306  ----  0 0 0 0 0
307  ----  48 43 95 0 0
308  ----  13 11 25 0 0
309  ----  84 135 293 0 0
310  ----  0 0 0 0 0
311  ----  58 59 85 0 0
312  ----  133 66 189 0 0
313  ----  166 76 267 0 0
314  ----  63 32 84 0 0
315  ----  7 2 7 0 0
316  ----  240 190 523 0 0
317  ----  31 37 38 0 0
318  ----  4 5 5 0 0
319  ----  5 5 5 0 0
320  ----  105 138 319 0 0
321  ----  314 223 503 0 0
322  ----  101 57 126 0 0
323  ----  169 135 328 0 0
324  ----  217 159 348 0 0
325  ----  1 1 1 0 0
326  ----  142 159 255 0 0
327  ----  16 51 114 0 0
328  ----  303 168 345 0 0
329  ----  252 150 420 0 0
330  ----  228 104 319 0 0
331  ----  6 7 7 0 0
332  ----  261 231 441 0 0
333  ----  0 0 0 0 0
334  ----  1 1 1 0 0
335  ----  186 174 331 0 0
336  ----  27 10 28 0 0
337  ----  6 4 6 0 0
338  ----  387 205 578 0 0
339  ----  7 6 7 0 0
340  ----  351 283 704 0 0
341  ----  261 379 639 0 0
342  ----  216 123 348 0 0
343  ----  118 126 325 0 0
344  ----  1 1 1 0 0
345  ----  2 2 2 0 0
346  ----  158 94 237 0 0
347  ----  101 125 360 0 0
348  ----  186 66 322 0 0
349  ----  116 119 280 0 0
350  ----  305 268 573 0 0
351  ----  176 113 237 0 0
352  ----  291 240 441 0 0
353  ----  491 352 846 0 0
354  ----  415 181 580 0 0
355  ----  8 8 8 0 0
356  ----  74 134 425 0 0
357  ----  1205 634 1541 0 0
358  ----  544 234 764 0 0
359  ----  1182 621 1519 0 0
360  ----  265 104 351 0 0
361  ----  1300 620 1530 0 0
362  ----  365 361 764 0 0
363  ----  628 420 960 0 0
364  ----  1587 483 2449 0 0
365  ----  225 136 349 0 0
366  ----  1 1 1 0 0
367  ----  14 9 14 0 0
368  ----  392 261 469 0 0
369  ----  7 7 8 0 0
370  ----  20 15 22 0 0
371  ----  16 15 19 0 0
372  ----  17 17 17 0 0
373  ----  1050 721 1749 0 0
374  ----  742 563 1420 0 0
375  ----  1402 789 2081 0 0
376  ----  535 427 1242 0 0
377  ----  1249 771 2345 0 0
378  ----  853 514 1365 0 0
379  ----  673 470 1362 0 0
380  ----  626 586 1296 0 0
381  ----  920 412 1194 0 0
382  ----  1008 722 1874 0 0
383  ----  784 455 1534 0 0
384  ----  331 244 703 0 0
385  ----  258 163 302 0 0
386  ----  794 662 1847 0 0
387  ----  755 501 1026 0 0
388  ----  366 314 803 0 0
389  ----  633 341 1227 0 0
390  ----  597 449 841 0 0
391  ----  778 535 1393 0 0
392  ----  718 888 1415 0 0
393  ----  617 265 978 0 0
394  ----  12 7 12 0 0
395  ----  139 11 139 0 0
396  ----  275 144 331 0 0
397  ----  174 88 218 0 0
398  ----  413 280 703 0 0
399  ----  7 6 7 0 0
400  ----  460 242 857 0 0
401  ----  11 10 11 0 0
402  ----  4 4 4 0 0
403  ----  1060 570 1240 0 0
404  ----  335 235 458 0 0
405  ----  597 382 967 0 0
406  ----  8 23 41 0 0
407  ----  648 357 776 0 0
408  ----  3 2 3 0 0
409  ----  165 140 274 0 0
410  ----  2 3 3 0 0
411  ----  4 4 7 0 0
412  ----  1305 942 2248 0 0
413  ----  1462 1097 1939 0 0
414  ----  409 223 409 0 0
415  ----  412 310 654 0 0
416  ----  943 517 1301 0 0
417  ----  1231 862 1800 0 0
418  ----  1288 700 1964 0 0
419  ----  1644 1367 2399 0 0
420  ----  655 96 731 0 0
421  ----  1696 923 2308 0 0
422  ----  311 258 459 0 0
423  ----  338 225 568 0 0
424  ----  4 4 4 0 0
425  ----  3 3 3 0 0
426  ----  32 25 33 0 0
427  ----  0 0 0 0 0
428  ----  1247 670 1856 0 0
429  ----  890 830 1513 0 0
430  ----  779 534 1185 0 0
431  ----  535 503 1035 0 0
432  ----  783 642 1320 0 0
433  ----  84 183 508 0 0
434  ----  7 9 13 0 0
435  ----  368 225 392 0 0
436  ----  30 7 33 0 0
437  ----  1 1 1 0 0
438  ----  2 2 2 0 0
439  ----  530 429 960 0 0
440  ----  2 2 2 0 0
441  ----  377 411 596 0 0
442  ----  629 87 673 0 0
443  ----  3 7 10 0 0
444  ----  5352 2219 6599 0 0
445  ----  392 264 588 0 0
446  ----  254 296 505 0 0
447  ----  437 414 609 0 0
448  ----  2 2 2 0 0
449  ----  1663 1063 2812 0 0
450  ----  547 441 973 0 0
451  ----  2 5 5 0 0
452  ----  541 303 733 0 0
453  ----  3 2 3 0 0
454  ----  187 140 305 0 0
455  ----  182 246 365 0 0
456  ----  300 384 564 0 0
457  ----  140 121 294 0 0
458  ----  52 74 209 0 0
459  ----  295 184 963 0 0
460  ----  3 3 3 0 0
461  ----  893 164 1266 0 0
462  ----  347 202 809 0 0
463  ----  249 125 508 0 0
464  ----  18 16 18 0 0
465  ----  180 161 342 0 0
466  ----  145 131 303 0 0
467  ----  146 162 488 0 0
468  ----  479 219 661 0 0
469  ----  120 122 291 0 0
470  ----  2 2 2 0 0
471  ----  296 78 405 0 0
472  ----  258 82 276 0 0
473  ----  257 143 490 0 0
474  ----  223 59 251 0 0
475  ----  401 256 682 0 0
476  ----  647 407 1000 0 0
477  ----  12 56 158 0 0
478  ----  343 188 421 0 0
479  ----  752 299 906 0 0
480  ----  136 51 137 0 0
481  ----  59 122 322 0 0
482  ----  757 506 1499 0 0
483  ----  1384 852 1998 0 0
484  ----  2027 628 2731 0 0
485  ----  576 380 1051 0 0
486  ----  1249 693 1873 0 0
487  ----  187 293 532 0 0
488  ----  494 368 705 0 0
489  ----  573 330 864 0 0
490  ----  927 491 1404 0 0
491  ----  1257 741 1765 0 0
492  ----  847 397 1383 0 0
493  ----  285 116 504 0 0
494  ----  877 451 1186 0 0
495  ----  1556 535 1783 0 0
496  ----  45 37 112 0 0
497  ----  32 59 136 0 0
498  ----  502 319 677 0 0
499  ----  28 17 28 0 0
500  ----  8 8 8 0 0
501  ----  51 5 51 0 0
502  ----  14 14 40 0 0
503  ----  4 4 4 0 0
504  ----  0 0 0 0 0
505  ----  27 57 240 0 0
506  ----  1 1 1 0 0
507  ----  102 49 191 0 0
508  ----  405 286 613 0 0
509  ----  576 331 970 0 0
510  ----  523 306 804 0 0
511  ----  565 249 806 0 0
512  ----  466 206 628 0 0
513  ----  2 3 3 0 0
514  ----  1 1 1 0 0
515  ----  5 4 5 0 0
516  ----  6 3 6 0 0
517  ----  196 116 364 0 0
518  ----  0 0 0 0 0
519  ----  264 95 425 0 0
520  ----  140 81 181 0 0
521  ----  83 52 118 0 0
522  ----  1 1 1 0 0
523  ----  484 350 860 0 0
524  ----  71 80 149 0 0
525  ----  385 194 642 0 0
526  ----  732 608 1380 0 0
527  ----  546 383 949 0 0
528  ----  525 339 861 0 0
529  ----  4 9 10 0 0
530  ----  180 80 203 0 0
531  ----  106 38 132 0 0
532  ----  0 0 0 0 0
533  ----  3 3 6 0 0
534  ----  3 3 3 0 0
535  ----  2 7 9 0 0
536  ----  92 68 163 0 0
537  ----  105 99 170 0 0
538  ----  386 228 594 0 0
539  ----  342 144 557 0 0
540  ----  144 105 205 0 0
541  ----  0 0 0 0 0
542  ----  284 157 388 0 0
543  ----  320 350 646 0 0
544  ----  111 130 212 0 0
545  ----  228 194 908 0 0
546  ----  523 370 850 0 0
547  ----  176 180 261 0 0
548  ----  122 94 139 0 0
549  ----  1 1 1 0 0
550  ----  377 162 380 0 0
551  ----  1986 1494 2324 0 0
552  ----  348 197 425 0 0
553  ----  534 273 698 0 0
554  ----  2760 1694 3927 0 0
555  ----  0 0 0 0 0
556  ----  591 297 804 0 0
557  ----  290 233 526 0 0
558  ----  321 257 495 0 0
559  ----  312 390 697 0 0
560  ----  685 647 1300 0 0
561  ----  727 357 964 0 0
562  ----  828 571 1335 0 0
563  ----  449 672 1240 0 0
564  ----  572 479 959 0 0
565  ----  955 643 1459 0 0
566  ----  339 267 490 0 0
567  ----  458 401 736 0 0
568  ----  436 447 888 0 0
569  ----  799 515 1293 0 0
570  ----  989 937 1731 0 0
571  ----  685 186 848 0 0
572  ----  561 589 1196 0 0
573  ----  765 437 1205 0 0
574  ----  298 217 451 0 0
575  ----  12 10 12 0 0
576  ----  24 21 24 0 0
577  ----  1 1 1 0 0
578  ----  179 33 179 0 0
579  ----  597 220 695 0 0
580  ----  1 1 1 0 0
581  ----  400 452 838 0 0
582  ----  259 325 404 0 0
583  ----  941 386 1757 0 0
584  ----  1 1 1 0 0
585  ----  746 614 1524 0 0
586  ----  441 360 923 0 0
587  ----  1897 897 3073 0 0
588  ----  135 137 323 0 0
589  ----  5 5 5 0 0
590  ----  2662 908 3663 0 0
591  ----  1309 911 2294 0 0
592  ----  1245 689 2020 0 0
593  ----  835 325 1630 0 0
594  ----  1683 976 2553 0 0
595  ----  707 235 904 0 0
596  ----  2795 1100 4349 0 0
597  ----  791 542 1300 0 0
598  ----  814 518 1416 0 0
599  ----  2577 1145 3504 0 0
600  ----  990 707 1989 0 0
601  ----  2290 872 2942 0 0
602  ----  2078 1034 2853 0 0
603  ----  1214 638 1604 0 0
604  ----  1724 593 2837 0 0
605  ----  1240 267 1696 0 0
606  ----  802 283 1339 0 0
607  ----  1560 959 1943 0 0
608  ----  1098 680 1997 0 0
609  ----  1439 741 2122 0 0
610  ----  381 390 742 0 0
611  ----  1285 1145 1894 0 0
612  ----  1379 1199 2543 0 0
613  ----  1649 660 2338 0 0
614  ----  1668 1141 3133 0 0
615  ----  897 636 1272 0 0
616  ----  2938 1538 3551 0 0
617  ----  1225 694 1760 0 0
618  ----  1383 705 1690 0 0
619  ----  1452 1165 2840 0 0
620  ----  170 134 432 0 0
621  ----  269 295 536 0 0
622  ----  350 293 611 0 0
623  ----  232 244 469 0 0
624  ----  4 4 4 0 0
625  ----  301 147 441 0 0
626  ----  0 0 0 0 0
627  ----  295 124 322 0 0
628  ----  669 518 1091 0 0
629  ----  349 331 570 0 0
630  ----  645 442 1102 0 0
631  ----  8 10 10 0 0
632  ----  0 0 0 0 0
633  ----  402 202 699 0 0
634  ----  1 2 2 0 0
635  ----  524 310 643 0 0
636  ----  15 16 18 0 0
637  ----  0 0 0 0 0
638  ----  4 3 4 0 0
639  ----  582 426 708 0 0
640  ----  858 480 1114 0 0
641  ----  581 413 875 0 0
642  ----  683 375 796 0 0
643  ----  338 166 408 0 0
644  ----  33 24 33 0 0
645  ----  89 126 306 0 0
646  ----  19 18 21 0 0
647  ----  7 7 8 0 0
648  ----  0 0 0 0 0
649  ----  1 1 1 0 0
650  ----  3 4 4 0 0
651  ----  16 11 18 0 0
652  ----  0 0 0 0 0
653  ----  182 152 312 0 0
654  ----  180 138 295 0 0
655  ----  2 2 2 0 0
656  ----  4075 2175 5522 0 0
657  ----  727 770 1720 0 0
658  ----  1252 1385 2634 0 0
659  ----  4895 2980 6430 0 0
660  ----  0 0 0 0 0
661  ----  1903 1095 3271 0 0
662  ----  3 3 3 0 0
663  ----  113 75 131 0 0
664  ----  480 755 1576 0 0
665  ----  14 3 14 0 0
666  ----  552 755 1859 0 0
667  ----  4 4 4 0 0
668  ----  379 210 691 0 0
669  ----  4 9 11 0 0
670  ----  306 261 618 0 0
671  ----  359 332 483 0 0
672  ----  15 11 15 0 0
673  ----  1 1 1 0 0
674  ----  74 120 281 0 0
675  ----  534 450 755 0 0
676  ----  861 425 1466 0 0
677  ----  1645 1030 2237 0 0
678  ----  1664 770 2210 0 0
679  ----  1052 745 1532 0 0
680  ----  2 2 2 0 0
681  ----  106 77 128 0 0
682  ----  0 0 0 0 0
683  ----  0 0 0 0 0
684  ----  7 6 10 0 0
685  ----  5 5 6 0 0
686  ----  0 0 0 0 0
687  ----  0 0 0 0 0
688  ----  1293 602 1586 0 0
689  ----  3039 1495 3503 0 0
690  ----  1199 784 1836 0 0
691  ----  30 8 31 0 0
692  ----  3 2 3 0 0
693  ----  2 2 2 0 0
694  ----  3759 3247 5102 0 0
695  ----  281 91 340 0 0
696  ----  26 20 26 0 0
697  ----  3 3 3 0 0
698  ----  1 1 1 0 0
699  ----  9 3 9 0 0
700  ----  4 1 14 0 0
701  ----  1426 1436 2933 0 0
702  ----  11891 7342 15760 0 0
703  ----  2 2 2 0 0
704  ----  2 2 2 0 0
705  ----  9 10 11 0 0
706  ----  0 0 0 0 0
707  ----  0 0 0 0 0
708  ----  19 2 19 0 0
709  ----  1 1 1 0 0
710  ----  31 10 39 0 0
711  ----  0 0 0 0 0
712  ----  3 3 5 0 0
713  ----  1 1 1 0 0
714  ----  7 3 7 0 0
715  ----  1 1 1 0 0
716  ----  46 35 47 0 0
717  ----  21 2 21 0 0
718  ----  472 234 597 0 0
719  ----  6 6 6 0 0
720  ----  2116 1358 2757 0 0
721  ----  516 512 1152 0 0
722  ----  59 13 59 0 0
723  ----  1 1 1 0 0
724  ----  1627 67 1635 0 0
725  ----  4 2 4 0 0
726  ----  4 2 4 0 0
727  ----  278 333 606 0 0
728  ----  2578 1105 3019 0 0
729  ----  2636 1310 3357 0 0
730  ----  19 14 19 0 0
731  ----  4 8 9 0 0
732  ----  1 2 2 0 0
733  ----  9748 3758 14630 0 0
734  ----  3981 2129 8394 0 0
735  ----  3883 1601 6208 0 0
736  ----  8263 2354 10792 0 0
737  ----  4270 1770 6673 0 0
738  ----  779 883 2244 0 0
739  ----  2764 1296 5242 0 0
740  ----  4249 1923 6355 0 0
741  ----  3604 1847 6727 0 0
742  ----  745 570 1422 0 0
743  ----  1394 406 1947 0 0
744  ----  3 1 3 0 0
745  ----  22 8 22 0 0
746  ----  0 0 0 0 0
747  ----  93 23 93 0 0
748  ----  0 0 0 0 0
749  ----  77 24 81 0 0
750  ----  4 4 5 0 0
751  ----  3556 1237 4997 0 0
752  ----  5032 1559 7400 0 0
753  ----  4 3 4 0 0
754  ----  67 248 370 0 0
755  ----  521 388 937 0 0
756  ----  842 817 1629 0 0
757  ----  1703 1241 2517 0 0
758  ----  1 2 3 0 0
759  ----  14 13 28 0 0
760  ----  502 568 726 0 0
761  ----  1637 1112 2267 0 0
762  ----  3998 2916 5974 0 0
763  ----  1889 1410 2521 0 0
764  ----  5 5 5 0 0
765  ----  1888 1206 2761 0 0
766  ----  39 8 42 0 0
767  ----  7 8 8 0 0
768  ----  0 0 0 0 0
769  ----  54 4 54 0 0
770  ----  2 2 2 0 0
771  ----  0 0 0 0 0
772  ----  67 25 104 0 0
773  ----  39 68 114 0 0
774  ----  92 111 187 0 0
775  ----  232 285 622 0 0
776  ----  15 4 16 0 0
777  ----  13 8 14 0 0
778  ----  324 565 1004 0 0
779  ----  6 8 10 0 0
780  ----  11 22 39 0 0
781  ----  19 8 20 0 0
782  ----  1407 1240 2250 0 0
783  ----  57 16 71 0 0
784  ----  60 1 60 0 0
785  ----  187 37 188 0 0
786  ----  1 1 1 0 0
787  ----  8 3 8 0 0
788  ----  0 0 0 0 0
789  ----  2 2 2 0 0
